2022-11-25 17:43:48.883 INFO  [spring.application.name_IS_UNDEFINED, ,,] [restartedMain] org.springframework.boot.devtools.env.DevToolsPropertyDefaultsPostProcessor : Devtools property defaults active! Set 'spring.devtools.add-properties' to 'false' to disable
2022-11-25 17:43:49.418 INFO  [employee-management, ,,] [restartedMain] org.springframework.cloud.config.client.ConfigServicePropertySourceLocator : Fetching config from server at : http://localhost:8888
2022-11-25 17:43:50.235 INFO  [employee-management, ,,] [restartedMain] org.springframework.cloud.config.client.ConfigServicePropertySourceLocator : Located environment: name=employee-management, profiles=[development], label=null, version=2c82e07426bdb459b9a2816b0f0d68f8085fdeb8, state=null
2022-11-25 17:43:50.247 INFO  [employee-management, ,,] [restartedMain] org.springframework.cloud.bootstrap.config.PropertySourceBootstrapConfiguration : Located property source: [BootstrapPropertySource {name='bootstrapProperties-configClient'}, BootstrapPropertySource {name='bootstrapProperties-https://github.com/vkwjope/microservices-2022-config-repo/employee-management-development.properties'}, BootstrapPropertySource {name='bootstrapProperties-https://github.com/vkwjope/microservices-2022-config-repo/employee-management.properties'}]
2022-11-25 17:43:50.261 INFO  [employee-management, ,,] [restartedMain] com.example.employeemanagement.EmployeeManagementApplication : The following 1 profile is active: "development"
2022-11-25 17:43:51.183 INFO  [employee-management, ,,] [restartedMain] org.springframework.data.repository.config.RepositoryConfigurationDelegate : Bootstrapping Spring Data JPA repositories in DEFAULT mode.
2022-11-25 17:43:51.332 INFO  [employee-management, ,,] [restartedMain] org.springframework.data.repository.config.RepositoryConfigurationDelegate : Finished Spring Data repository scanning in 134 ms. Found 1 JPA repository interfaces.
2022-11-25 17:43:51.583 INFO  [employee-management, ,,] [restartedMain] org.springframework.cloud.context.scope.GenericScope : BeanFactory id=f33f670a-97e8-38d6-a9a4-619d4572a11d
2022-11-25 17:43:51.861 INFO  [employee-management, ,,] [restartedMain] org.springframework.context.support.PostProcessorRegistrationDelegate$BeanPostProcessorChecker : Bean 'org.springframework.cloud.client.loadbalancer.reactive.LoadBalancerBeanPostProcessorAutoConfiguration' of type [org.springframework.cloud.client.loadbalancer.reactive.LoadBalancerBeanPostProcessorAutoConfiguration] is not eligible for getting processed by all BeanPostProcessors (for example: not eligible for auto-proxying)
2022-11-25 17:43:51.864 INFO  [employee-management, ,,] [restartedMain] org.springframework.context.support.PostProcessorRegistrationDelegate$BeanPostProcessorChecker : Bean 'org.springframework.cloud.client.loadbalancer.reactive.LoadBalancerBeanPostProcessorAutoConfiguration$ReactorDeferringLoadBalancerFilterConfig' of type [org.springframework.cloud.client.loadbalancer.reactive.LoadBalancerBeanPostProcessorAutoConfiguration$ReactorDeferringLoadBalancerFilterConfig] is not eligible for getting processed by all BeanPostProcessors (for example: not eligible for auto-proxying)
2022-11-25 17:43:51.866 INFO  [employee-management, ,,] [restartedMain] org.springframework.context.support.PostProcessorRegistrationDelegate$BeanPostProcessorChecker : Bean 'reactorDeferringLoadBalancerExchangeFilterFunction' of type [org.springframework.cloud.client.loadbalancer.reactive.DeferringLoadBalancerExchangeFilterFunction] is not eligible for getting processed by all BeanPostProcessors (for example: not eligible for auto-proxying)
2022-11-25 17:43:52.368 INFO  [employee-management, ,,] [restartedMain] org.springframework.boot.web.embedded.tomcat.TomcatWebServer : Tomcat initialized with port(s): 8111 (http)
2022-11-25 17:43:52.376 INFO  [employee-management, ,,] [restartedMain] org.apache.catalina.core.StandardService : Starting service [Tomcat]
2022-11-25 17:43:52.377 INFO  [employee-management, ,,] [restartedMain] org.apache.catalina.core.StandardEngine : Starting Servlet engine: [Apache Tomcat/9.0.68]
2022-11-25 17:43:52.523 INFO  [employee-management, ,,] [restartedMain] org.apache.catalina.core.ContainerBase.[Tomcat].[localhost].[/] : Initializing Spring embedded WebApplicationContext
2022-11-25 17:43:52.524 INFO  [employee-management, ,,] [restartedMain] org.springframework.boot.web.servlet.context.ServletWebServerApplicationContext : Root WebApplicationContext: initialization completed in 2242 ms
2022-11-25 17:43:52.697 INFO  [employee-management, ,,] [restartedMain] com.zaxxer.hikari.HikariDataSource : HikariPool-1 - Starting...
2022-11-25 17:43:52.902 INFO  [employee-management, ,,] [restartedMain] com.zaxxer.hikari.HikariDataSource : HikariPool-1 - Start completed.
2022-11-25 17:43:52.912 INFO  [employee-management, ,,] [restartedMain] org.springframework.boot.autoconfigure.h2.H2ConsoleAutoConfiguration : H2 console available at '/h2-console'. Database available at 'jdbc:h2:mem:fba884a0-dd6f-47ee-bd78-a8e8eefacddb'
2022-11-25 17:43:53.129 INFO  [employee-management, ,,] [restartedMain] org.hibernate.jpa.internal.util.LogHelper : HHH000204: Processing PersistenceUnitInfo [name: default]
2022-11-25 17:43:53.177 INFO  [employee-management, ,,] [restartedMain] org.hibernate.Version : HHH000412: Hibernate ORM core version 5.6.12.Final
2022-11-25 17:43:53.339 INFO  [employee-management, ,,] [restartedMain] org.hibernate.annotations.common.Version : HCANN000001: Hibernate Commons Annotations {5.1.2.Final}
2022-11-25 17:43:53.460 INFO  [employee-management, ,,] [restartedMain] org.hibernate.dialect.Dialect : HHH000400: Using dialect: org.hibernate.dialect.H2Dialect
2022-11-25 17:43:54.012 INFO  [employee-management, ,,] [restartedMain] org.hibernate.engine.transaction.jta.platform.internal.JtaPlatformInitiator : HHH000490: Using JtaPlatform implementation: [org.hibernate.engine.transaction.jta.platform.internal.NoJtaPlatform]
2022-11-25 17:43:54.020 INFO  [employee-management, ,,] [restartedMain] org.springframework.orm.jpa.LocalContainerEntityManagerFactoryBean : Initialized JPA EntityManagerFactory for persistence unit 'default'
2022-11-25 17:43:54.665 WARN  [employee-management, ,,] [restartedMain] org.springframework.boot.autoconfigure.orm.jpa.JpaBaseConfiguration$JpaWebConfiguration : spring.jpa.open-in-view is enabled by default. Therefore, database queries may be performed during view rendering. Explicitly configure spring.jpa.open-in-view to disable this warning
2022-11-25 17:43:56.669 INFO  [employee-management, ,,] [restartedMain] org.springframework.boot.devtools.autoconfigure.OptionalLiveReloadServer : LiveReload server is running on port 35729
2022-11-25 17:43:56.859 INFO  [employee-management, ,,] [restartedMain] org.springframework.cloud.netflix.eureka.config.DiscoveryClientOptionalArgsConfiguration : Eureka HTTP Client uses RestTemplate.
2022-11-25 17:43:56.996 WARN  [employee-management, ,,] [restartedMain] org.springframework.cloud.loadbalancer.config.LoadBalancerCacheAutoConfiguration$LoadBalancerCaffeineWarnLogger : Spring Cloud LoadBalancer is currently working with the default cache. While this cache implementation is useful for development and tests, it's recommended to use Caffeine cache in production.You can switch to using Caffeine cache, by adding it and org.springframework.cache.caffeine.CaffeineCacheManager to the classpath.
2022-11-25 17:43:57.003 INFO  [employee-management, ,,] [restartedMain] org.springframework.boot.actuate.endpoint.web.EndpointLinksResolver : Exposing 17 endpoint(s) beneath base path '/actuator'
2022-11-25 17:43:57.081 INFO  [employee-management, ,,] [restartedMain] org.springframework.cloud.netflix.eureka.InstanceInfoFactory : Setting initial instance status as: STARTING
2022-11-25 17:43:57.120 INFO  [employee-management, ,,] [restartedMain] com.netflix.discovery.DiscoveryClient : Initializing Eureka in region us-east-1
2022-11-25 17:43:57.124 INFO  [employee-management, ,,] [restartedMain] com.netflix.discovery.shared.resolver.aws.ConfigClusterResolver : Resolving eureka endpoints via configuration
2022-11-25 17:43:57.148 INFO  [employee-management, ,,] [restartedMain] com.netflix.discovery.DiscoveryClient : Disable delta property : false
2022-11-25 17:43:57.148 INFO  [employee-management, ,,] [restartedMain] com.netflix.discovery.DiscoveryClient : Single vip registry refresh property : null
2022-11-25 17:43:57.148 INFO  [employee-management, ,,] [restartedMain] com.netflix.discovery.DiscoveryClient : Force full registry fetch : false
2022-11-25 17:43:57.149 INFO  [employee-management, ,,] [restartedMain] com.netflix.discovery.DiscoveryClient : Application is null : false
2022-11-25 17:43:57.149 INFO  [employee-management, ,,] [restartedMain] com.netflix.discovery.DiscoveryClient : Registered Applications size is zero : true
2022-11-25 17:43:57.149 INFO  [employee-management, ,,] [restartedMain] com.netflix.discovery.DiscoveryClient : Application version is -1: true
2022-11-25 17:43:57.149 INFO  [employee-management, ,,] [restartedMain] com.netflix.discovery.DiscoveryClient : Getting all instance registry info from the eureka server
2022-11-25 17:43:57.377 INFO  [employee-management, ,,] [restartedMain] com.netflix.discovery.DiscoveryClient : The response status is 200
2022-11-25 17:43:57.380 INFO  [employee-management, ,,] [restartedMain] com.netflix.discovery.DiscoveryClient : Starting heartbeat executor: renew interval is: 30
2022-11-25 17:43:57.382 INFO  [employee-management, ,,] [restartedMain] com.netflix.discovery.InstanceInfoReplicator : InstanceInfoReplicator onDemand update allowed rate per min is 4
2022-11-25 17:43:57.387 INFO  [employee-management, ,,] [restartedMain] com.netflix.discovery.DiscoveryClient : Discovery Client initialized at timestamp 1669378437387 with initial instances count: 1
2022-11-25 17:43:57.399 INFO  [employee-management, ,,] [restartedMain] org.springframework.cloud.netflix.eureka.serviceregistry.EurekaServiceRegistry : Registering application EMPLOYEE-MANAGEMENT with eureka with status UP
2022-11-25 17:43:57.400 INFO  [employee-management, ,,] [restartedMain] com.netflix.discovery.DiscoveryClient : Saw local status change event StatusChangeEvent [timestamp=1669378437400, current=UP, previous=STARTING]
2022-11-25 17:43:57.402 INFO  [employee-management, ,,] [DiscoveryClient-InstanceInfoReplicator-0] com.netflix.discovery.DiscoveryClient : DiscoveryClient_EMPLOYEE-MANAGEMENT/KVINOVIN-T490.us.oracle.com:employee-management:8111: registering service...
2022-11-25 17:43:57.433 INFO  [employee-management, ,,] [restartedMain] org.springframework.boot.web.embedded.tomcat.TomcatWebServer : Tomcat started on port(s): 8111 (http) with context path ''
2022-11-25 17:43:57.434 INFO  [employee-management, ,,] [restartedMain] org.springframework.cloud.netflix.eureka.serviceregistry.EurekaAutoServiceRegistration : Updating port to 8111
2022-11-25 17:43:57.470 INFO  [employee-management, ,,] [DiscoveryClient-InstanceInfoReplicator-0] com.netflix.discovery.DiscoveryClient : DiscoveryClient_EMPLOYEE-MANAGEMENT/KVINOVIN-T490.us.oracle.com:employee-management:8111 - registration status: 204
2022-11-25 17:43:57.959 INFO  [employee-management, ,,] [restartedMain] com.example.employeemanagement.EmployeeManagementApplication : Started EmployeeManagementApplication in 9.676 seconds (JVM running for 10.487)
2022-11-25 17:43:58.846 INFO  [employee-management, ,,] [RMI TCP Connection(8)-127.0.0.1] org.apache.catalina.core.ContainerBase.[Tomcat].[localhost].[/] : Initializing Spring DispatcherServlet 'dispatcherServlet'
2022-11-25 17:43:58.846 INFO  [employee-management, ,,] [RMI TCP Connection(8)-127.0.0.1] org.springframework.web.servlet.DispatcherServlet : Initializing Servlet 'dispatcherServlet'
2022-11-25 17:43:58.848 INFO  [employee-management, ,,] [RMI TCP Connection(8)-127.0.0.1] org.springframework.web.servlet.DispatcherServlet : Completed initialization in 2 ms
2022-11-25 17:44:07.896 DEBUG [employee-management, ,,] [http-nio-8111-exec-1] com.example.employeemanagement.controller.EmployeeController : addEmployee
2022-11-25 17:44:07.896 DEBUG [employee-management, ,,] [http-nio-8111-exec-1] com.example.employeemanagement.controller.EmployeeController : [Employee(id=3333333, lastName=Vinod, firstName=Kumar)]
2022-11-25 17:44:07.989 DEBUG [employee-management, ,,] [http-nio-8111-exec-1] com.example.employeemanagement.controller.EmployeeController : addEmployeeReturned valueEmployee(id=3333333, lastName=Vinod, firstName=Kumar)
2022-11-25 17:44:07.989 DEBUG [employee-management, ,,] [http-nio-8111-exec-1] com.example.employeemanagement.controller.EmployeeController : addEmployee
2022-11-25 17:44:07.989 DEBUG [employee-management, ,,] [http-nio-8111-exec-1] com.example.employeemanagement.controller.EmployeeController : [Employee(id=3333333, lastName=Vinod, firstName=Kumar)]
2022-11-25 17:44:07.989 DEBUG [employee-management, ,,] [http-nio-8111-exec-1] com.example.employeemanagement.controller.EmployeeController : Execution time of EmployeeController.addEmployee :: 93 ms
2022-11-25 17:44:28.823 DEBUG [employee-management, ,,] [http-nio-8111-exec-2] com.example.employeemanagement.controller.EmployeeController : addEmployee
2022-11-25 17:44:28.824 DEBUG [employee-management, ,,] [http-nio-8111-exec-2] com.example.employeemanagement.controller.EmployeeController : [Employee(id=333332, lastName=Vinod, firstName=Kumar)]
2022-11-25 17:44:28.826 DEBUG [employee-management, ,,] [http-nio-8111-exec-2] com.example.employeemanagement.controller.EmployeeController : addEmployeeReturned valueEmployee(id=333332, lastName=Vinod, firstName=Kumar)
2022-11-25 17:44:28.827 DEBUG [employee-management, ,,] [http-nio-8111-exec-2] com.example.employeemanagement.controller.EmployeeController : addEmployee
2022-11-25 17:44:28.827 DEBUG [employee-management, ,,] [http-nio-8111-exec-2] com.example.employeemanagement.controller.EmployeeController : [Employee(id=333332, lastName=Vinod, firstName=Kumar)]
2022-11-25 17:44:28.827 DEBUG [employee-management, ,,] [http-nio-8111-exec-2] com.example.employeemanagement.controller.EmployeeController : Execution time of EmployeeController.addEmployee :: 3 ms
2022-11-25 17:44:35.499 DEBUG [employee-management, ,,] [http-nio-8111-exec-3] com.example.employeemanagement.controller.EmployeeController : addEmployee
2022-11-25 17:44:35.499 DEBUG [employee-management, ,,] [http-nio-8111-exec-3] com.example.employeemanagement.controller.EmployeeController : [Employee(id=456456, lastName=Vinod, firstName=Kumar)]
2022-11-25 17:44:35.501 DEBUG [employee-management, ,,] [http-nio-8111-exec-3] com.example.employeemanagement.controller.EmployeeController : addEmployeeReturned valueEmployee(id=456456, lastName=Vinod, firstName=Kumar)
2022-11-25 17:44:35.502 DEBUG [employee-management, ,,] [http-nio-8111-exec-3] com.example.employeemanagement.controller.EmployeeController : addEmployee
2022-11-25 17:44:35.502 DEBUG [employee-management, ,,] [http-nio-8111-exec-3] com.example.employeemanagement.controller.EmployeeController : [Employee(id=456456, lastName=Vinod, firstName=Kumar)]
2022-11-25 17:44:35.502 DEBUG [employee-management, ,,] [http-nio-8111-exec-3] com.example.employeemanagement.controller.EmployeeController : Execution time of EmployeeController.addEmployee :: 2 ms
2022-11-25 17:44:40.979 DEBUG [employee-management, ,,] [http-nio-8111-exec-4] com.example.employeemanagement.controller.EmployeeController : getAllEmployees
2022-11-25 17:44:40.980 DEBUG [employee-management, ,,] [http-nio-8111-exec-4] com.example.employeemanagement.controller.EmployeeController : []
2022-11-25 17:44:41.104 DEBUG [employee-management, ,,] [http-nio-8111-exec-4] com.example.employeemanagement.controller.EmployeeController : getAllEmployeesReturned value[Employee(id=3333333, lastName=Vinod, firstName=Kumar), Employee(id=333332, lastName=Vinod, firstName=Kumar), Employee(id=456456, lastName=Vinod, firstName=Kumar)]
2022-11-25 17:44:41.104 DEBUG [employee-management, ,,] [http-nio-8111-exec-4] com.example.employeemanagement.controller.EmployeeController : getAllEmployees
2022-11-25 17:44:41.105 DEBUG [employee-management, ,,] [http-nio-8111-exec-4] com.example.employeemanagement.controller.EmployeeController : []
2022-11-25 17:44:41.105 DEBUG [employee-management, ,,] [http-nio-8111-exec-4] com.example.employeemanagement.controller.EmployeeController : Execution time of EmployeeController.getAllEmployees :: 125 ms
2022-11-25 17:44:46.355 DEBUG [employee-management, ,,] [http-nio-8111-exec-5] com.example.employeemanagement.controller.EmployeeController : getAllEmployees
2022-11-25 17:44:46.355 DEBUG [employee-management, ,,] [http-nio-8111-exec-5] com.example.employeemanagement.controller.EmployeeController : []
2022-11-25 17:44:46.357 DEBUG [employee-management, ,,] [http-nio-8111-exec-5] com.example.employeemanagement.controller.EmployeeController : getAllEmployeesReturned value[Employee(id=3333333, lastName=Vinod, firstName=Kumar), Employee(id=333332, lastName=Vinod, firstName=Kumar), Employee(id=456456, lastName=Vinod, firstName=Kumar)]
2022-11-25 17:44:46.357 DEBUG [employee-management, ,,] [http-nio-8111-exec-5] com.example.employeemanagement.controller.EmployeeController : getAllEmployees
2022-11-25 17:44:46.358 DEBUG [employee-management, ,,] [http-nio-8111-exec-5] com.example.employeemanagement.controller.EmployeeController : []
2022-11-25 17:44:46.358 DEBUG [employee-management, ,,] [http-nio-8111-exec-5] com.example.employeemanagement.controller.EmployeeController : Execution time of EmployeeController.getAllEmployees :: 2 ms
2022-11-25 17:45:00.896 DEBUG [employee-management, ,,] [http-nio-8111-exec-6] com.example.employeemanagement.controller.EmployeeController : getAllEmployees
2022-11-25 17:45:00.897 DEBUG [employee-management, ,,] [http-nio-8111-exec-6] com.example.employeemanagement.controller.EmployeeController : []
2022-11-25 17:45:00.898 DEBUG [employee-management, ,,] [http-nio-8111-exec-6] com.example.employeemanagement.controller.EmployeeController : getAllEmployeesReturned value[Employee(id=3333333, lastName=Vinod, firstName=Kumar), Employee(id=333332, lastName=Vinod, firstName=Kumar), Employee(id=456456, lastName=Vinod, firstName=Kumar)]
2022-11-25 17:45:00.899 DEBUG [employee-management, ,,] [http-nio-8111-exec-6] com.example.employeemanagement.controller.EmployeeController : getAllEmployees
2022-11-25 17:45:00.899 DEBUG [employee-management, ,,] [http-nio-8111-exec-6] com.example.employeemanagement.controller.EmployeeController : []
2022-11-25 17:45:00.899 DEBUG [employee-management, ,,] [http-nio-8111-exec-6] com.example.employeemanagement.controller.EmployeeController : Execution time of EmployeeController.getAllEmployees :: 2 ms
2022-11-25 17:45:21.426 DEBUG [employee-management, ,,] [http-nio-8111-exec-7] com.example.employeemanagement.controller.EmployeeController : deleteEmployee
2022-11-25 17:45:21.429 DEBUG [employee-management, ,,] [http-nio-8111-exec-7] com.example.employeemanagement.controller.EmployeeController : [55555]
2022-11-25 17:45:21.448 ERROR [employee-management, ,,] [http-nio-8111-exec-7] com.example.employeemanagement.controller.EmployeeController : deleteEmployee
2022-11-25 17:45:21.460 ERROR [employee-management, ,,] [http-nio-8111-exec-7] com.example.employeemanagement.controller.EmployeeController : Exception :
com.example.employeemanagement.exceptions.EmployeeNotFoundException: Employee not found
	at com.example.employeemanagement.service.impl.EmployeeServiceImpl.deleteEmployee(EmployeeServiceImpl.java:63) ~[classes/:na]
	at com.example.employeemanagement.controller.EmployeeController.deleteEmployee(EmployeeController.java:105) ~[classes/:na]
	at com.example.employeemanagement.controller.EmployeeController$$FastClassBySpringCGLIB$$3ea310b0.invoke(<generated>) ~[classes/:na]
	at org.springframework.cglib.proxy.MethodProxy.invoke(MethodProxy.java:218) ~[spring-core-5.3.23.jar:5.3.23]
	at org.springframework.aop.framework.CglibAopProxy$CglibMethodInvocation.invokeJoinpoint(CglibAopProxy.java:793) ~[spring-aop-5.3.23.jar:5.3.23]
	at org.springframework.aop.framework.ReflectiveMethodInvocation.proceed(ReflectiveMethodInvocation.java:163) ~[spring-aop-5.3.23.jar:5.3.23]
	at org.springframework.aop.framework.CglibAopProxy$CglibMethodInvocation.proceed(CglibAopProxy.java:763) ~[spring-aop-5.3.23.jar:5.3.23]
	at org.springframework.aop.aspectj.AspectJAfterThrowingAdvice.invoke(AspectJAfterThrowingAdvice.java:64) ~[spring-aop-5.3.23.jar:5.3.23]
	at org.springframework.aop.framework.ReflectiveMethodInvocation.proceed(ReflectiveMethodInvocation.java:186) ~[spring-aop-5.3.23.jar:5.3.23]
	at org.springframework.aop.framework.CglibAopProxy$CglibMethodInvocation.proceed(CglibAopProxy.java:763) ~[spring-aop-5.3.23.jar:5.3.23]
	at org.springframework.aop.framework.adapter.AfterReturningAdviceInterceptor.invoke(AfterReturningAdviceInterceptor.java:57) ~[spring-aop-5.3.23.jar:5.3.23]
	at org.springframework.aop.framework.ReflectiveMethodInvocation.proceed(ReflectiveMethodInvocation.java:186) ~[spring-aop-5.3.23.jar:5.3.23]
	at org.springframework.aop.framework.CglibAopProxy$CglibMethodInvocation.proceed(CglibAopProxy.java:763) ~[spring-aop-5.3.23.jar:5.3.23]
	at org.springframework.aop.aspectj.AspectJAfterAdvice.invoke(AspectJAfterAdvice.java:49) ~[spring-aop-5.3.23.jar:5.3.23]
	at org.springframework.aop.framework.ReflectiveMethodInvocation.proceed(ReflectiveMethodInvocation.java:186) ~[spring-aop-5.3.23.jar:5.3.23]
	at org.springframework.aop.framework.CglibAopProxy$CglibMethodInvocation.proceed(CglibAopProxy.java:763) ~[spring-aop-5.3.23.jar:5.3.23]
	at org.springframework.aop.framework.adapter.MethodBeforeAdviceInterceptor.invoke(MethodBeforeAdviceInterceptor.java:58) ~[spring-aop-5.3.23.jar:5.3.23]
	at org.springframework.aop.framework.ReflectiveMethodInvocation.proceed(ReflectiveMethodInvocation.java:186) ~[spring-aop-5.3.23.jar:5.3.23]
	at org.springframework.aop.framework.CglibAopProxy$CglibMethodInvocation.proceed(CglibAopProxy.java:763) ~[spring-aop-5.3.23.jar:5.3.23]
	at org.springframework.aop.aspectj.MethodInvocationProceedingJoinPoint.proceed(MethodInvocationProceedingJoinPoint.java:89) ~[spring-aop-5.3.23.jar:5.3.23]
	at com.example.employeemanagement.aop.logging.AopLogger.profileAllMethods(AopLogger.java:66) ~[classes/:na]
	at java.base/jdk.internal.reflect.NativeMethodAccessorImpl.invoke0(Native Method) ~[na:na]
	at java.base/jdk.internal.reflect.NativeMethodAccessorImpl.invoke(NativeMethodAccessorImpl.java:77) ~[na:na]
	at java.base/jdk.internal.reflect.DelegatingMethodAccessorImpl.invoke(DelegatingMethodAccessorImpl.java:43) ~[na:na]
	at java.base/java.lang.reflect.Method.invoke(Method.java:568) ~[na:na]
	at org.springframework.aop.aspectj.AbstractAspectJAdvice.invokeAdviceMethodWithGivenArgs(AbstractAspectJAdvice.java:634) ~[spring-aop-5.3.23.jar:5.3.23]
	at org.springframework.aop.aspectj.AbstractAspectJAdvice.invokeAdviceMethod(AbstractAspectJAdvice.java:624) ~[spring-aop-5.3.23.jar:5.3.23]
	at org.springframework.aop.aspectj.AspectJAroundAdvice.invoke(AspectJAroundAdvice.java:72) ~[spring-aop-5.3.23.jar:5.3.23]
	at org.springframework.aop.framework.ReflectiveMethodInvocation.proceed(ReflectiveMethodInvocation.java:186) ~[spring-aop-5.3.23.jar:5.3.23]
	at org.springframework.aop.framework.CglibAopProxy$CglibMethodInvocation.proceed(CglibAopProxy.java:763) ~[spring-aop-5.3.23.jar:5.3.23]
	at org.springframework.aop.interceptor.ExposeInvocationInterceptor.invoke(ExposeInvocationInterceptor.java:97) ~[spring-aop-5.3.23.jar:5.3.23]
	at org.springframework.aop.framework.ReflectiveMethodInvocation.proceed(ReflectiveMethodInvocation.java:186) ~[spring-aop-5.3.23.jar:5.3.23]
	at org.springframework.aop.framework.CglibAopProxy$CglibMethodInvocation.proceed(CglibAopProxy.java:763) ~[spring-aop-5.3.23.jar:5.3.23]
	at org.springframework.aop.framework.CglibAopProxy$DynamicAdvisedInterceptor.intercept(CglibAopProxy.java:708) ~[spring-aop-5.3.23.jar:5.3.23]
	at com.example.employeemanagement.controller.EmployeeController$$EnhancerBySpringCGLIB$$dfff8a05.deleteEmployee(<generated>) ~[classes/:na]
	at java.base/jdk.internal.reflect.NativeMethodAccessorImpl.invoke0(Native Method) ~[na:na]
	at java.base/jdk.internal.reflect.NativeMethodAccessorImpl.invoke(NativeMethodAccessorImpl.java:77) ~[na:na]
	at java.base/jdk.internal.reflect.DelegatingMethodAccessorImpl.invoke(DelegatingMethodAccessorImpl.java:43) ~[na:na]
	at java.base/java.lang.reflect.Method.invoke(Method.java:568) ~[na:na]
	at org.springframework.util.ReflectionUtils.invokeMethod(ReflectionUtils.java:282) ~[spring-core-5.3.23.jar:5.3.23]
	at org.springframework.cloud.context.scope.GenericScope$LockedScopedProxyFactoryBean.invoke(GenericScope.java:485) ~[spring-cloud-context-3.1.5.jar:3.1.5]
	at org.springframework.aop.framework.ReflectiveMethodInvocation.proceed(ReflectiveMethodInvocation.java:186) ~[spring-aop-5.3.23.jar:5.3.23]
	at org.springframework.aop.framework.CglibAopProxy$CglibMethodInvocation.proceed(CglibAopProxy.java:763) ~[spring-aop-5.3.23.jar:5.3.23]
	at org.springframework.aop.framework.CglibAopProxy$DynamicAdvisedInterceptor.intercept(CglibAopProxy.java:708) ~[spring-aop-5.3.23.jar:5.3.23]
	at com.example.employeemanagement.controller.EmployeeController$$EnhancerBySpringCGLIB$$f8c7cb34.deleteEmployee(<generated>) ~[classes/:na]
	at java.base/jdk.internal.reflect.NativeMethodAccessorImpl.invoke0(Native Method) ~[na:na]
	at java.base/jdk.internal.reflect.NativeMethodAccessorImpl.invoke(NativeMethodAccessorImpl.java:77) ~[na:na]
	at java.base/jdk.internal.reflect.DelegatingMethodAccessorImpl.invoke(DelegatingMethodAccessorImpl.java:43) ~[na:na]
	at java.base/java.lang.reflect.Method.invoke(Method.java:568) ~[na:na]
	at org.springframework.web.method.support.InvocableHandlerMethod.doInvoke(InvocableHandlerMethod.java:205) ~[spring-web-5.3.23.jar:5.3.23]
	at org.springframework.web.method.support.InvocableHandlerMethod.invokeForRequest(InvocableHandlerMethod.java:150) ~[spring-web-5.3.23.jar:5.3.23]
	at org.springframework.web.servlet.mvc.method.annotation.ServletInvocableHandlerMethod.invokeAndHandle(ServletInvocableHandlerMethod.java:117) ~[spring-webmvc-5.3.23.jar:5.3.23]
	at org.springframework.web.servlet.mvc.method.annotation.RequestMappingHandlerAdapter.invokeHandlerMethod(RequestMappingHandlerAdapter.java:895) ~[spring-webmvc-5.3.23.jar:5.3.23]
	at org.springframework.web.servlet.mvc.method.annotation.RequestMappingHandlerAdapter.handleInternal(RequestMappingHandlerAdapter.java:808) ~[spring-webmvc-5.3.23.jar:5.3.23]
	at org.springframework.web.servlet.mvc.method.AbstractHandlerMethodAdapter.handle(AbstractHandlerMethodAdapter.java:87) ~[spring-webmvc-5.3.23.jar:5.3.23]
	at org.springframework.web.servlet.DispatcherServlet.doDispatch(DispatcherServlet.java:1071) ~[spring-webmvc-5.3.23.jar:5.3.23]
	at org.springframework.web.servlet.DispatcherServlet.doService(DispatcherServlet.java:964) ~[spring-webmvc-5.3.23.jar:5.3.23]
	at org.springframework.web.servlet.FrameworkServlet.processRequest(FrameworkServlet.java:1006) ~[spring-webmvc-5.3.23.jar:5.3.23]
	at org.springframework.web.servlet.FrameworkServlet.doDelete(FrameworkServlet.java:931) ~[spring-webmvc-5.3.23.jar:5.3.23]
	at javax.servlet.http.HttpServlet.service(HttpServlet.java:702) ~[tomcat-embed-core-9.0.68.jar:4.0.FR]
	at org.springframework.web.servlet.FrameworkServlet.service(FrameworkServlet.java:883) ~[spring-webmvc-5.3.23.jar:5.3.23]
	at javax.servlet.http.HttpServlet.service(HttpServlet.java:779) ~[tomcat-embed-core-9.0.68.jar:4.0.FR]
	at org.apache.catalina.core.ApplicationFilterChain.internalDoFilter(ApplicationFilterChain.java:227) ~[tomcat-embed-core-9.0.68.jar:9.0.68]
	at org.apache.catalina.core.ApplicationFilterChain.doFilter(ApplicationFilterChain.java:162) ~[tomcat-embed-core-9.0.68.jar:9.0.68]
	at org.apache.tomcat.websocket.server.WsFilter.doFilter(WsFilter.java:53) ~[tomcat-embed-websocket-9.0.68.jar:9.0.68]
	at org.apache.catalina.core.ApplicationFilterChain.internalDoFilter(ApplicationFilterChain.java:189) ~[tomcat-embed-core-9.0.68.jar:9.0.68]
	at org.apache.catalina.core.ApplicationFilterChain.doFilter(ApplicationFilterChain.java:162) ~[tomcat-embed-core-9.0.68.jar:9.0.68]
	at org.springframework.web.filter.RequestContextFilter.doFilterInternal(RequestContextFilter.java:100) ~[spring-web-5.3.23.jar:5.3.23]
	at org.springframework.web.filter.OncePerRequestFilter.doFilter(OncePerRequestFilter.java:117) ~[spring-web-5.3.23.jar:5.3.23]
	at org.apache.catalina.core.ApplicationFilterChain.internalDoFilter(ApplicationFilterChain.java:189) ~[tomcat-embed-core-9.0.68.jar:9.0.68]
	at org.apache.catalina.core.ApplicationFilterChain.doFilter(ApplicationFilterChain.java:162) ~[tomcat-embed-core-9.0.68.jar:9.0.68]
	at org.springframework.web.filter.FormContentFilter.doFilterInternal(FormContentFilter.java:93) ~[spring-web-5.3.23.jar:5.3.23]
	at org.springframework.web.filter.OncePerRequestFilter.doFilter(OncePerRequestFilter.java:117) ~[spring-web-5.3.23.jar:5.3.23]
	at org.apache.catalina.core.ApplicationFilterChain.internalDoFilter(ApplicationFilterChain.java:189) ~[tomcat-embed-core-9.0.68.jar:9.0.68]
	at org.apache.catalina.core.ApplicationFilterChain.doFilter(ApplicationFilterChain.java:162) ~[tomcat-embed-core-9.0.68.jar:9.0.68]
	at org.springframework.boot.actuate.metrics.web.servlet.WebMvcMetricsFilter.doFilterInternal(WebMvcMetricsFilter.java:96) ~[spring-boot-actuator-2.7.5.jar:2.7.5]
	at org.springframework.web.filter.OncePerRequestFilter.doFilter(OncePerRequestFilter.java:117) ~[spring-web-5.3.23.jar:5.3.23]
	at org.apache.catalina.core.ApplicationFilterChain.internalDoFilter(ApplicationFilterChain.java:189) ~[tomcat-embed-core-9.0.68.jar:9.0.68]
	at org.apache.catalina.core.ApplicationFilterChain.doFilter(ApplicationFilterChain.java:162) ~[tomcat-embed-core-9.0.68.jar:9.0.68]
	at org.springframework.web.filter.CharacterEncodingFilter.doFilterInternal(CharacterEncodingFilter.java:201) ~[spring-web-5.3.23.jar:5.3.23]
	at org.springframework.web.filter.OncePerRequestFilter.doFilter(OncePerRequestFilter.java:117) ~[spring-web-5.3.23.jar:5.3.23]
	at org.apache.catalina.core.ApplicationFilterChain.internalDoFilter(ApplicationFilterChain.java:189) ~[tomcat-embed-core-9.0.68.jar:9.0.68]
	at org.apache.catalina.core.ApplicationFilterChain.doFilter(ApplicationFilterChain.java:162) ~[tomcat-embed-core-9.0.68.jar:9.0.68]
	at org.apache.catalina.core.StandardWrapperValve.invoke(StandardWrapperValve.java:197) ~[tomcat-embed-core-9.0.68.jar:9.0.68]
	at org.apache.catalina.core.StandardContextValve.invoke(StandardContextValve.java:97) ~[tomcat-embed-core-9.0.68.jar:9.0.68]
	at org.apache.catalina.authenticator.AuthenticatorBase.invoke(AuthenticatorBase.java:541) ~[tomcat-embed-core-9.0.68.jar:9.0.68]
	at org.apache.catalina.core.StandardHostValve.invoke(StandardHostValve.java:135) ~[tomcat-embed-core-9.0.68.jar:9.0.68]
	at org.apache.catalina.valves.ErrorReportValve.invoke(ErrorReportValve.java:92) ~[tomcat-embed-core-9.0.68.jar:9.0.68]
	at org.apache.catalina.core.StandardEngineValve.invoke(StandardEngineValve.java:78) ~[tomcat-embed-core-9.0.68.jar:9.0.68]
	at org.apache.catalina.connector.CoyoteAdapter.service(CoyoteAdapter.java:360) ~[tomcat-embed-core-9.0.68.jar:9.0.68]
	at org.apache.coyote.http11.Http11Processor.service(Http11Processor.java:399) ~[tomcat-embed-core-9.0.68.jar:9.0.68]
	at org.apache.coyote.AbstractProcessorLight.process(AbstractProcessorLight.java:65) ~[tomcat-embed-core-9.0.68.jar:9.0.68]
	at org.apache.coyote.AbstractProtocol$ConnectionHandler.process(AbstractProtocol.java:893) ~[tomcat-embed-core-9.0.68.jar:9.0.68]
	at org.apache.tomcat.util.net.NioEndpoint$SocketProcessor.doRun(NioEndpoint.java:1789) ~[tomcat-embed-core-9.0.68.jar:9.0.68]
	at org.apache.tomcat.util.net.SocketProcessorBase.run(SocketProcessorBase.java:49) ~[tomcat-embed-core-9.0.68.jar:9.0.68]
	at org.apache.tomcat.util.threads.ThreadPoolExecutor.runWorker(ThreadPoolExecutor.java:1191) ~[tomcat-embed-core-9.0.68.jar:9.0.68]
	at org.apache.tomcat.util.threads.ThreadPoolExecutor$Worker.run(ThreadPoolExecutor.java:659) ~[tomcat-embed-core-9.0.68.jar:9.0.68]
	at org.apache.tomcat.util.threads.TaskThread$WrappingRunnable.run(TaskThread.java:61) ~[tomcat-embed-core-9.0.68.jar:9.0.68]
	at java.base/java.lang.Thread.run(Thread.java:833) ~[na:na]
2022-11-25 17:45:21.466 DEBUG [employee-management, ,,] [http-nio-8111-exec-7] com.example.employeemanagement.controller.EmployeeController : deleteEmployee
2022-11-25 17:45:21.467 DEBUG [employee-management, ,,] [http-nio-8111-exec-7] com.example.employeemanagement.controller.EmployeeController : [55555]
2022-11-25 17:45:21.469 WARN  [employee-management, ,,] [http-nio-8111-exec-7] org.springframework.web.servlet.mvc.method.annotation.ExceptionHandlerExceptionResolver : Resolved [com.example.employeemanagement.exceptions.EmployeeNotFoundException: Employee not found]
2022-11-25 17:45:49.846 DEBUG [employee-management, ,,] [http-nio-8111-exec-8] com.example.employeemanagement.controller.EmployeeController : deleteEmployee
2022-11-25 17:45:49.847 DEBUG [employee-management, ,,] [http-nio-8111-exec-8] com.example.employeemanagement.controller.EmployeeController : [3333333]
2022-11-25 17:45:49.855 DEBUG [employee-management, ,,] [http-nio-8111-exec-8] com.example.employeemanagement.controller.EmployeeController : deleteEmployeeReturned valueEmployee Deleted Succesfully
2022-11-25 17:45:49.856 DEBUG [employee-management, ,,] [http-nio-8111-exec-8] com.example.employeemanagement.controller.EmployeeController : deleteEmployee
2022-11-25 17:45:49.856 DEBUG [employee-management, ,,] [http-nio-8111-exec-8] com.example.employeemanagement.controller.EmployeeController : [3333333]
2022-11-25 17:45:49.856 DEBUG [employee-management, ,,] [http-nio-8111-exec-8] com.example.employeemanagement.controller.EmployeeController : Execution time of EmployeeController.deleteEmployee :: 9 ms
2022-11-25 17:46:33.283 DEBUG [employee-management, ,,] [http-nio-8111-exec-10] com.example.employeemanagement.controller.EmployeeController : deleteEmployee
2022-11-25 17:46:33.284 DEBUG [employee-management, ,,] [http-nio-8111-exec-10] com.example.employeemanagement.controller.EmployeeController : [3333333]
2022-11-25 17:46:33.285 ERROR [employee-management, ,,] [http-nio-8111-exec-10] com.example.employeemanagement.controller.EmployeeController : deleteEmployee
2022-11-25 17:46:33.285 ERROR [employee-management, ,,] [http-nio-8111-exec-10] com.example.employeemanagement.controller.EmployeeController : Exception :
com.example.employeemanagement.exceptions.EmployeeNotFoundException: Employee not found
	at com.example.employeemanagement.service.impl.EmployeeServiceImpl.deleteEmployee(EmployeeServiceImpl.java:63) ~[classes/:na]
	at com.example.employeemanagement.controller.EmployeeController.deleteEmployee(EmployeeController.java:105) ~[classes/:na]
	at com.example.employeemanagement.controller.EmployeeController$$FastClassBySpringCGLIB$$3ea310b0.invoke(<generated>) ~[classes/:na]
	at org.springframework.cglib.proxy.MethodProxy.invoke(MethodProxy.java:218) ~[spring-core-5.3.23.jar:5.3.23]
	at org.springframework.aop.framework.CglibAopProxy$CglibMethodInvocation.invokeJoinpoint(CglibAopProxy.java:793) ~[spring-aop-5.3.23.jar:5.3.23]
	at org.springframework.aop.framework.ReflectiveMethodInvocation.proceed(ReflectiveMethodInvocation.java:163) ~[spring-aop-5.3.23.jar:5.3.23]
	at org.springframework.aop.framework.CglibAopProxy$CglibMethodInvocation.proceed(CglibAopProxy.java:763) ~[spring-aop-5.3.23.jar:5.3.23]
	at org.springframework.aop.aspectj.AspectJAfterThrowingAdvice.invoke(AspectJAfterThrowingAdvice.java:64) ~[spring-aop-5.3.23.jar:5.3.23]
	at org.springframework.aop.framework.ReflectiveMethodInvocation.proceed(ReflectiveMethodInvocation.java:186) ~[spring-aop-5.3.23.jar:5.3.23]
	at org.springframework.aop.framework.CglibAopProxy$CglibMethodInvocation.proceed(CglibAopProxy.java:763) ~[spring-aop-5.3.23.jar:5.3.23]
	at org.springframework.aop.framework.adapter.AfterReturningAdviceInterceptor.invoke(AfterReturningAdviceInterceptor.java:57) ~[spring-aop-5.3.23.jar:5.3.23]
	at org.springframework.aop.framework.ReflectiveMethodInvocation.proceed(ReflectiveMethodInvocation.java:186) ~[spring-aop-5.3.23.jar:5.3.23]
	at org.springframework.aop.framework.CglibAopProxy$CglibMethodInvocation.proceed(CglibAopProxy.java:763) ~[spring-aop-5.3.23.jar:5.3.23]
	at org.springframework.aop.aspectj.AspectJAfterAdvice.invoke(AspectJAfterAdvice.java:49) ~[spring-aop-5.3.23.jar:5.3.23]
	at org.springframework.aop.framework.ReflectiveMethodInvocation.proceed(ReflectiveMethodInvocation.java:186) ~[spring-aop-5.3.23.jar:5.3.23]
	at org.springframework.aop.framework.CglibAopProxy$CglibMethodInvocation.proceed(CglibAopProxy.java:763) ~[spring-aop-5.3.23.jar:5.3.23]
	at org.springframework.aop.framework.adapter.MethodBeforeAdviceInterceptor.invoke(MethodBeforeAdviceInterceptor.java:58) ~[spring-aop-5.3.23.jar:5.3.23]
	at org.springframework.aop.framework.ReflectiveMethodInvocation.proceed(ReflectiveMethodInvocation.java:186) ~[spring-aop-5.3.23.jar:5.3.23]
	at org.springframework.aop.framework.CglibAopProxy$CglibMethodInvocation.proceed(CglibAopProxy.java:763) ~[spring-aop-5.3.23.jar:5.3.23]
	at org.springframework.aop.aspectj.MethodInvocationProceedingJoinPoint.proceed(MethodInvocationProceedingJoinPoint.java:89) ~[spring-aop-5.3.23.jar:5.3.23]
	at com.example.employeemanagement.aop.logging.AopLogger.profileAllMethods(AopLogger.java:66) ~[classes/:na]
	at java.base/jdk.internal.reflect.NativeMethodAccessorImpl.invoke0(Native Method) ~[na:na]
	at java.base/jdk.internal.reflect.NativeMethodAccessorImpl.invoke(NativeMethodAccessorImpl.java:77) ~[na:na]
	at java.base/jdk.internal.reflect.DelegatingMethodAccessorImpl.invoke(DelegatingMethodAccessorImpl.java:43) ~[na:na]
	at java.base/java.lang.reflect.Method.invoke(Method.java:568) ~[na:na]
	at org.springframework.aop.aspectj.AbstractAspectJAdvice.invokeAdviceMethodWithGivenArgs(AbstractAspectJAdvice.java:634) ~[spring-aop-5.3.23.jar:5.3.23]
	at org.springframework.aop.aspectj.AbstractAspectJAdvice.invokeAdviceMethod(AbstractAspectJAdvice.java:624) ~[spring-aop-5.3.23.jar:5.3.23]
	at org.springframework.aop.aspectj.AspectJAroundAdvice.invoke(AspectJAroundAdvice.java:72) ~[spring-aop-5.3.23.jar:5.3.23]
	at org.springframework.aop.framework.ReflectiveMethodInvocation.proceed(ReflectiveMethodInvocation.java:186) ~[spring-aop-5.3.23.jar:5.3.23]
	at org.springframework.aop.framework.CglibAopProxy$CglibMethodInvocation.proceed(CglibAopProxy.java:763) ~[spring-aop-5.3.23.jar:5.3.23]
	at org.springframework.aop.interceptor.ExposeInvocationInterceptor.invoke(ExposeInvocationInterceptor.java:97) ~[spring-aop-5.3.23.jar:5.3.23]
	at org.springframework.aop.framework.ReflectiveMethodInvocation.proceed(ReflectiveMethodInvocation.java:186) ~[spring-aop-5.3.23.jar:5.3.23]
	at org.springframework.aop.framework.CglibAopProxy$CglibMethodInvocation.proceed(CglibAopProxy.java:763) ~[spring-aop-5.3.23.jar:5.3.23]
	at org.springframework.aop.framework.CglibAopProxy$DynamicAdvisedInterceptor.intercept(CglibAopProxy.java:708) ~[spring-aop-5.3.23.jar:5.3.23]
	at com.example.employeemanagement.controller.EmployeeController$$EnhancerBySpringCGLIB$$dfff8a05.deleteEmployee(<generated>) ~[classes/:na]
	at java.base/jdk.internal.reflect.NativeMethodAccessorImpl.invoke0(Native Method) ~[na:na]
	at java.base/jdk.internal.reflect.NativeMethodAccessorImpl.invoke(NativeMethodAccessorImpl.java:77) ~[na:na]
	at java.base/jdk.internal.reflect.DelegatingMethodAccessorImpl.invoke(DelegatingMethodAccessorImpl.java:43) ~[na:na]
	at java.base/java.lang.reflect.Method.invoke(Method.java:568) ~[na:na]
	at org.springframework.util.ReflectionUtils.invokeMethod(ReflectionUtils.java:282) ~[spring-core-5.3.23.jar:5.3.23]
	at org.springframework.cloud.context.scope.GenericScope$LockedScopedProxyFactoryBean.invoke(GenericScope.java:485) ~[spring-cloud-context-3.1.5.jar:3.1.5]
	at org.springframework.aop.framework.ReflectiveMethodInvocation.proceed(ReflectiveMethodInvocation.java:186) ~[spring-aop-5.3.23.jar:5.3.23]
	at org.springframework.aop.framework.CglibAopProxy$CglibMethodInvocation.proceed(CglibAopProxy.java:763) ~[spring-aop-5.3.23.jar:5.3.23]
	at org.springframework.aop.framework.CglibAopProxy$DynamicAdvisedInterceptor.intercept(CglibAopProxy.java:708) ~[spring-aop-5.3.23.jar:5.3.23]
	at com.example.employeemanagement.controller.EmployeeController$$EnhancerBySpringCGLIB$$f8c7cb34.deleteEmployee(<generated>) ~[classes/:na]
	at java.base/jdk.internal.reflect.NativeMethodAccessorImpl.invoke0(Native Method) ~[na:na]
	at java.base/jdk.internal.reflect.NativeMethodAccessorImpl.invoke(NativeMethodAccessorImpl.java:77) ~[na:na]
	at java.base/jdk.internal.reflect.DelegatingMethodAccessorImpl.invoke(DelegatingMethodAccessorImpl.java:43) ~[na:na]
	at java.base/java.lang.reflect.Method.invoke(Method.java:568) ~[na:na]
	at org.springframework.web.method.support.InvocableHandlerMethod.doInvoke(InvocableHandlerMethod.java:205) ~[spring-web-5.3.23.jar:5.3.23]
	at org.springframework.web.method.support.InvocableHandlerMethod.invokeForRequest(InvocableHandlerMethod.java:150) ~[spring-web-5.3.23.jar:5.3.23]
	at org.springframework.web.servlet.mvc.method.annotation.ServletInvocableHandlerMethod.invokeAndHandle(ServletInvocableHandlerMethod.java:117) ~[spring-webmvc-5.3.23.jar:5.3.23]
	at org.springframework.web.servlet.mvc.method.annotation.RequestMappingHandlerAdapter.invokeHandlerMethod(RequestMappingHandlerAdapter.java:895) ~[spring-webmvc-5.3.23.jar:5.3.23]
	at org.springframework.web.servlet.mvc.method.annotation.RequestMappingHandlerAdapter.handleInternal(RequestMappingHandlerAdapter.java:808) ~[spring-webmvc-5.3.23.jar:5.3.23]
	at org.springframework.web.servlet.mvc.method.AbstractHandlerMethodAdapter.handle(AbstractHandlerMethodAdapter.java:87) ~[spring-webmvc-5.3.23.jar:5.3.23]
	at org.springframework.web.servlet.DispatcherServlet.doDispatch(DispatcherServlet.java:1071) ~[spring-webmvc-5.3.23.jar:5.3.23]
	at org.springframework.web.servlet.DispatcherServlet.doService(DispatcherServlet.java:964) ~[spring-webmvc-5.3.23.jar:5.3.23]
	at org.springframework.web.servlet.FrameworkServlet.processRequest(FrameworkServlet.java:1006) ~[spring-webmvc-5.3.23.jar:5.3.23]
	at org.springframework.web.servlet.FrameworkServlet.doDelete(FrameworkServlet.java:931) ~[spring-webmvc-5.3.23.jar:5.3.23]
	at javax.servlet.http.HttpServlet.service(HttpServlet.java:702) ~[tomcat-embed-core-9.0.68.jar:4.0.FR]
	at org.springframework.web.servlet.FrameworkServlet.service(FrameworkServlet.java:883) ~[spring-webmvc-5.3.23.jar:5.3.23]
	at javax.servlet.http.HttpServlet.service(HttpServlet.java:779) ~[tomcat-embed-core-9.0.68.jar:4.0.FR]
	at org.apache.catalina.core.ApplicationFilterChain.internalDoFilter(ApplicationFilterChain.java:227) ~[tomcat-embed-core-9.0.68.jar:9.0.68]
	at org.apache.catalina.core.ApplicationFilterChain.doFilter(ApplicationFilterChain.java:162) ~[tomcat-embed-core-9.0.68.jar:9.0.68]
	at org.apache.tomcat.websocket.server.WsFilter.doFilter(WsFilter.java:53) ~[tomcat-embed-websocket-9.0.68.jar:9.0.68]
	at org.apache.catalina.core.ApplicationFilterChain.internalDoFilter(ApplicationFilterChain.java:189) ~[tomcat-embed-core-9.0.68.jar:9.0.68]
	at org.apache.catalina.core.ApplicationFilterChain.doFilter(ApplicationFilterChain.java:162) ~[tomcat-embed-core-9.0.68.jar:9.0.68]
	at org.springframework.web.filter.RequestContextFilter.doFilterInternal(RequestContextFilter.java:100) ~[spring-web-5.3.23.jar:5.3.23]
	at org.springframework.web.filter.OncePerRequestFilter.doFilter(OncePerRequestFilter.java:117) ~[spring-web-5.3.23.jar:5.3.23]
	at org.apache.catalina.core.ApplicationFilterChain.internalDoFilter(ApplicationFilterChain.java:189) ~[tomcat-embed-core-9.0.68.jar:9.0.68]
	at org.apache.catalina.core.ApplicationFilterChain.doFilter(ApplicationFilterChain.java:162) ~[tomcat-embed-core-9.0.68.jar:9.0.68]
	at org.springframework.web.filter.FormContentFilter.doFilterInternal(FormContentFilter.java:93) ~[spring-web-5.3.23.jar:5.3.23]
	at org.springframework.web.filter.OncePerRequestFilter.doFilter(OncePerRequestFilter.java:117) ~[spring-web-5.3.23.jar:5.3.23]
	at org.apache.catalina.core.ApplicationFilterChain.internalDoFilter(ApplicationFilterChain.java:189) ~[tomcat-embed-core-9.0.68.jar:9.0.68]
	at org.apache.catalina.core.ApplicationFilterChain.doFilter(ApplicationFilterChain.java:162) ~[tomcat-embed-core-9.0.68.jar:9.0.68]
	at org.springframework.boot.actuate.metrics.web.servlet.WebMvcMetricsFilter.doFilterInternal(WebMvcMetricsFilter.java:96) ~[spring-boot-actuator-2.7.5.jar:2.7.5]
	at org.springframework.web.filter.OncePerRequestFilter.doFilter(OncePerRequestFilter.java:117) ~[spring-web-5.3.23.jar:5.3.23]
	at org.apache.catalina.core.ApplicationFilterChain.internalDoFilter(ApplicationFilterChain.java:189) ~[tomcat-embed-core-9.0.68.jar:9.0.68]
	at org.apache.catalina.core.ApplicationFilterChain.doFilter(ApplicationFilterChain.java:162) ~[tomcat-embed-core-9.0.68.jar:9.0.68]
	at org.springframework.web.filter.CharacterEncodingFilter.doFilterInternal(CharacterEncodingFilter.java:201) ~[spring-web-5.3.23.jar:5.3.23]
	at org.springframework.web.filter.OncePerRequestFilter.doFilter(OncePerRequestFilter.java:117) ~[spring-web-5.3.23.jar:5.3.23]
	at org.apache.catalina.core.ApplicationFilterChain.internalDoFilter(ApplicationFilterChain.java:189) ~[tomcat-embed-core-9.0.68.jar:9.0.68]
	at org.apache.catalina.core.ApplicationFilterChain.doFilter(ApplicationFilterChain.java:162) ~[tomcat-embed-core-9.0.68.jar:9.0.68]
	at org.apache.catalina.core.StandardWrapperValve.invoke(StandardWrapperValve.java:197) ~[tomcat-embed-core-9.0.68.jar:9.0.68]
	at org.apache.catalina.core.StandardContextValve.invoke(StandardContextValve.java:97) ~[tomcat-embed-core-9.0.68.jar:9.0.68]
	at org.apache.catalina.authenticator.AuthenticatorBase.invoke(AuthenticatorBase.java:541) ~[tomcat-embed-core-9.0.68.jar:9.0.68]
	at org.apache.catalina.core.StandardHostValve.invoke(StandardHostValve.java:135) ~[tomcat-embed-core-9.0.68.jar:9.0.68]
	at org.apache.catalina.valves.ErrorReportValve.invoke(ErrorReportValve.java:92) ~[tomcat-embed-core-9.0.68.jar:9.0.68]
	at org.apache.catalina.core.StandardEngineValve.invoke(StandardEngineValve.java:78) ~[tomcat-embed-core-9.0.68.jar:9.0.68]
	at org.apache.catalina.connector.CoyoteAdapter.service(CoyoteAdapter.java:360) ~[tomcat-embed-core-9.0.68.jar:9.0.68]
	at org.apache.coyote.http11.Http11Processor.service(Http11Processor.java:399) ~[tomcat-embed-core-9.0.68.jar:9.0.68]
	at org.apache.coyote.AbstractProcessorLight.process(AbstractProcessorLight.java:65) ~[tomcat-embed-core-9.0.68.jar:9.0.68]
	at org.apache.coyote.AbstractProtocol$ConnectionHandler.process(AbstractProtocol.java:893) ~[tomcat-embed-core-9.0.68.jar:9.0.68]
	at org.apache.tomcat.util.net.NioEndpoint$SocketProcessor.doRun(NioEndpoint.java:1789) ~[tomcat-embed-core-9.0.68.jar:9.0.68]
	at org.apache.tomcat.util.net.SocketProcessorBase.run(SocketProcessorBase.java:49) ~[tomcat-embed-core-9.0.68.jar:9.0.68]
	at org.apache.tomcat.util.threads.ThreadPoolExecutor.runWorker(ThreadPoolExecutor.java:1191) ~[tomcat-embed-core-9.0.68.jar:9.0.68]
	at org.apache.tomcat.util.threads.ThreadPoolExecutor$Worker.run(ThreadPoolExecutor.java:659) ~[tomcat-embed-core-9.0.68.jar:9.0.68]
	at org.apache.tomcat.util.threads.TaskThread$WrappingRunnable.run(TaskThread.java:61) ~[tomcat-embed-core-9.0.68.jar:9.0.68]
	at java.base/java.lang.Thread.run(Thread.java:833) ~[na:na]
2022-11-25 17:46:33.286 DEBUG [employee-management, ,,] [http-nio-8111-exec-10] com.example.employeemanagement.controller.EmployeeController : deleteEmployee
2022-11-25 17:46:33.286 DEBUG [employee-management, ,,] [http-nio-8111-exec-10] com.example.employeemanagement.controller.EmployeeController : [3333333]
2022-11-25 17:46:33.287 WARN  [employee-management, ,,] [http-nio-8111-exec-10] org.springframework.web.servlet.mvc.method.annotation.ExceptionHandlerExceptionResolver : Resolved [com.example.employeemanagement.exceptions.EmployeeNotFoundException: Employee not found]
2022-11-25 17:46:58.009 DEBUG [employee-management, ,,] [http-nio-8111-exec-1] com.example.employeemanagement.controller.EmployeeController : updateEmployee
2022-11-25 17:46:58.009 DEBUG [employee-management, ,,] [http-nio-8111-exec-1] com.example.employeemanagement.controller.EmployeeController : [Employee(id=55555, lastName=Wjkop[e, firstName=Kumar)]
2022-11-25 17:46:58.011 ERROR [employee-management, ,,] [http-nio-8111-exec-1] com.example.employeemanagement.controller.EmployeeController : updateEmployee
2022-11-25 17:46:58.011 ERROR [employee-management, ,,] [http-nio-8111-exec-1] com.example.employeemanagement.controller.EmployeeController : Exception :
com.example.employeemanagement.exceptions.EmployeeNotFoundException: Employee not found
	at com.example.employeemanagement.service.impl.EmployeeServiceImpl.updateEmployee(EmployeeServiceImpl.java:51) ~[classes/:na]
	at com.example.employeemanagement.controller.EmployeeController.updateEmployee(EmployeeController.java:93) ~[classes/:na]
	at com.example.employeemanagement.controller.EmployeeController$$FastClassBySpringCGLIB$$3ea310b0.invoke(<generated>) ~[classes/:na]
	at org.springframework.cglib.proxy.MethodProxy.invoke(MethodProxy.java:218) ~[spring-core-5.3.23.jar:5.3.23]
	at org.springframework.aop.framework.CglibAopProxy$CglibMethodInvocation.invokeJoinpoint(CglibAopProxy.java:793) ~[spring-aop-5.3.23.jar:5.3.23]
	at org.springframework.aop.framework.ReflectiveMethodInvocation.proceed(ReflectiveMethodInvocation.java:163) ~[spring-aop-5.3.23.jar:5.3.23]
	at org.springframework.aop.framework.CglibAopProxy$CglibMethodInvocation.proceed(CglibAopProxy.java:763) ~[spring-aop-5.3.23.jar:5.3.23]
	at org.springframework.aop.aspectj.AspectJAfterThrowingAdvice.invoke(AspectJAfterThrowingAdvice.java:64) ~[spring-aop-5.3.23.jar:5.3.23]
	at org.springframework.aop.framework.ReflectiveMethodInvocation.proceed(ReflectiveMethodInvocation.java:186) ~[spring-aop-5.3.23.jar:5.3.23]
	at org.springframework.aop.framework.CglibAopProxy$CglibMethodInvocation.proceed(CglibAopProxy.java:763) ~[spring-aop-5.3.23.jar:5.3.23]
	at org.springframework.aop.framework.adapter.AfterReturningAdviceInterceptor.invoke(AfterReturningAdviceInterceptor.java:57) ~[spring-aop-5.3.23.jar:5.3.23]
	at org.springframework.aop.framework.ReflectiveMethodInvocation.proceed(ReflectiveMethodInvocation.java:186) ~[spring-aop-5.3.23.jar:5.3.23]
	at org.springframework.aop.framework.CglibAopProxy$CglibMethodInvocation.proceed(CglibAopProxy.java:763) ~[spring-aop-5.3.23.jar:5.3.23]
	at org.springframework.aop.aspectj.AspectJAfterAdvice.invoke(AspectJAfterAdvice.java:49) ~[spring-aop-5.3.23.jar:5.3.23]
	at org.springframework.aop.framework.ReflectiveMethodInvocation.proceed(ReflectiveMethodInvocation.java:186) ~[spring-aop-5.3.23.jar:5.3.23]
	at org.springframework.aop.framework.CglibAopProxy$CglibMethodInvocation.proceed(CglibAopProxy.java:763) ~[spring-aop-5.3.23.jar:5.3.23]
	at org.springframework.aop.framework.adapter.MethodBeforeAdviceInterceptor.invoke(MethodBeforeAdviceInterceptor.java:58) ~[spring-aop-5.3.23.jar:5.3.23]
	at org.springframework.aop.framework.ReflectiveMethodInvocation.proceed(ReflectiveMethodInvocation.java:186) ~[spring-aop-5.3.23.jar:5.3.23]
	at org.springframework.aop.framework.CglibAopProxy$CglibMethodInvocation.proceed(CglibAopProxy.java:763) ~[spring-aop-5.3.23.jar:5.3.23]
	at org.springframework.aop.aspectj.MethodInvocationProceedingJoinPoint.proceed(MethodInvocationProceedingJoinPoint.java:89) ~[spring-aop-5.3.23.jar:5.3.23]
	at com.example.employeemanagement.aop.logging.AopLogger.profileAllMethods(AopLogger.java:66) ~[classes/:na]
	at java.base/jdk.internal.reflect.NativeMethodAccessorImpl.invoke0(Native Method) ~[na:na]
	at java.base/jdk.internal.reflect.NativeMethodAccessorImpl.invoke(NativeMethodAccessorImpl.java:77) ~[na:na]
	at java.base/jdk.internal.reflect.DelegatingMethodAccessorImpl.invoke(DelegatingMethodAccessorImpl.java:43) ~[na:na]
	at java.base/java.lang.reflect.Method.invoke(Method.java:568) ~[na:na]
	at org.springframework.aop.aspectj.AbstractAspectJAdvice.invokeAdviceMethodWithGivenArgs(AbstractAspectJAdvice.java:634) ~[spring-aop-5.3.23.jar:5.3.23]
	at org.springframework.aop.aspectj.AbstractAspectJAdvice.invokeAdviceMethod(AbstractAspectJAdvice.java:624) ~[spring-aop-5.3.23.jar:5.3.23]
	at org.springframework.aop.aspectj.AspectJAroundAdvice.invoke(AspectJAroundAdvice.java:72) ~[spring-aop-5.3.23.jar:5.3.23]
	at org.springframework.aop.framework.ReflectiveMethodInvocation.proceed(ReflectiveMethodInvocation.java:186) ~[spring-aop-5.3.23.jar:5.3.23]
	at org.springframework.aop.framework.CglibAopProxy$CglibMethodInvocation.proceed(CglibAopProxy.java:763) ~[spring-aop-5.3.23.jar:5.3.23]
	at org.springframework.aop.interceptor.ExposeInvocationInterceptor.invoke(ExposeInvocationInterceptor.java:97) ~[spring-aop-5.3.23.jar:5.3.23]
	at org.springframework.aop.framework.ReflectiveMethodInvocation.proceed(ReflectiveMethodInvocation.java:186) ~[spring-aop-5.3.23.jar:5.3.23]
	at org.springframework.aop.framework.CglibAopProxy$CglibMethodInvocation.proceed(CglibAopProxy.java:763) ~[spring-aop-5.3.23.jar:5.3.23]
	at org.springframework.aop.framework.CglibAopProxy$DynamicAdvisedInterceptor.intercept(CglibAopProxy.java:708) ~[spring-aop-5.3.23.jar:5.3.23]
	at com.example.employeemanagement.controller.EmployeeController$$EnhancerBySpringCGLIB$$dfff8a05.updateEmployee(<generated>) ~[classes/:na]
	at java.base/jdk.internal.reflect.NativeMethodAccessorImpl.invoke0(Native Method) ~[na:na]
	at java.base/jdk.internal.reflect.NativeMethodAccessorImpl.invoke(NativeMethodAccessorImpl.java:77) ~[na:na]
	at java.base/jdk.internal.reflect.DelegatingMethodAccessorImpl.invoke(DelegatingMethodAccessorImpl.java:43) ~[na:na]
	at java.base/java.lang.reflect.Method.invoke(Method.java:568) ~[na:na]
	at org.springframework.util.ReflectionUtils.invokeMethod(ReflectionUtils.java:282) ~[spring-core-5.3.23.jar:5.3.23]
	at org.springframework.cloud.context.scope.GenericScope$LockedScopedProxyFactoryBean.invoke(GenericScope.java:485) ~[spring-cloud-context-3.1.5.jar:3.1.5]
	at org.springframework.aop.framework.ReflectiveMethodInvocation.proceed(ReflectiveMethodInvocation.java:186) ~[spring-aop-5.3.23.jar:5.3.23]
	at org.springframework.aop.framework.CglibAopProxy$CglibMethodInvocation.proceed(CglibAopProxy.java:763) ~[spring-aop-5.3.23.jar:5.3.23]
	at org.springframework.aop.framework.CglibAopProxy$DynamicAdvisedInterceptor.intercept(CglibAopProxy.java:708) ~[spring-aop-5.3.23.jar:5.3.23]
	at com.example.employeemanagement.controller.EmployeeController$$EnhancerBySpringCGLIB$$f8c7cb34.updateEmployee(<generated>) ~[classes/:na]
	at java.base/jdk.internal.reflect.NativeMethodAccessorImpl.invoke0(Native Method) ~[na:na]
	at java.base/jdk.internal.reflect.NativeMethodAccessorImpl.invoke(NativeMethodAccessorImpl.java:77) ~[na:na]
	at java.base/jdk.internal.reflect.DelegatingMethodAccessorImpl.invoke(DelegatingMethodAccessorImpl.java:43) ~[na:na]
	at java.base/java.lang.reflect.Method.invoke(Method.java:568) ~[na:na]
	at org.springframework.web.method.support.InvocableHandlerMethod.doInvoke(InvocableHandlerMethod.java:205) ~[spring-web-5.3.23.jar:5.3.23]
	at org.springframework.web.method.support.InvocableHandlerMethod.invokeForRequest(InvocableHandlerMethod.java:150) ~[spring-web-5.3.23.jar:5.3.23]
	at org.springframework.web.servlet.mvc.method.annotation.ServletInvocableHandlerMethod.invokeAndHandle(ServletInvocableHandlerMethod.java:117) ~[spring-webmvc-5.3.23.jar:5.3.23]
	at org.springframework.web.servlet.mvc.method.annotation.RequestMappingHandlerAdapter.invokeHandlerMethod(RequestMappingHandlerAdapter.java:895) ~[spring-webmvc-5.3.23.jar:5.3.23]
	at org.springframework.web.servlet.mvc.method.annotation.RequestMappingHandlerAdapter.handleInternal(RequestMappingHandlerAdapter.java:808) ~[spring-webmvc-5.3.23.jar:5.3.23]
	at org.springframework.web.servlet.mvc.method.AbstractHandlerMethodAdapter.handle(AbstractHandlerMethodAdapter.java:87) ~[spring-webmvc-5.3.23.jar:5.3.23]
	at org.springframework.web.servlet.DispatcherServlet.doDispatch(DispatcherServlet.java:1071) ~[spring-webmvc-5.3.23.jar:5.3.23]
	at org.springframework.web.servlet.DispatcherServlet.doService(DispatcherServlet.java:964) ~[spring-webmvc-5.3.23.jar:5.3.23]
	at org.springframework.web.servlet.FrameworkServlet.processRequest(FrameworkServlet.java:1006) ~[spring-webmvc-5.3.23.jar:5.3.23]
	at org.springframework.web.servlet.FrameworkServlet.doPut(FrameworkServlet.java:920) ~[spring-webmvc-5.3.23.jar:5.3.23]
	at javax.servlet.http.HttpServlet.service(HttpServlet.java:699) ~[tomcat-embed-core-9.0.68.jar:4.0.FR]
	at org.springframework.web.servlet.FrameworkServlet.service(FrameworkServlet.java:883) ~[spring-webmvc-5.3.23.jar:5.3.23]
	at javax.servlet.http.HttpServlet.service(HttpServlet.java:779) ~[tomcat-embed-core-9.0.68.jar:4.0.FR]
	at org.apache.catalina.core.ApplicationFilterChain.internalDoFilter(ApplicationFilterChain.java:227) ~[tomcat-embed-core-9.0.68.jar:9.0.68]
	at org.apache.catalina.core.ApplicationFilterChain.doFilter(ApplicationFilterChain.java:162) ~[tomcat-embed-core-9.0.68.jar:9.0.68]
	at org.apache.tomcat.websocket.server.WsFilter.doFilter(WsFilter.java:53) ~[tomcat-embed-websocket-9.0.68.jar:9.0.68]
	at org.apache.catalina.core.ApplicationFilterChain.internalDoFilter(ApplicationFilterChain.java:189) ~[tomcat-embed-core-9.0.68.jar:9.0.68]
	at org.apache.catalina.core.ApplicationFilterChain.doFilter(ApplicationFilterChain.java:162) ~[tomcat-embed-core-9.0.68.jar:9.0.68]
	at org.springframework.web.filter.RequestContextFilter.doFilterInternal(RequestContextFilter.java:100) ~[spring-web-5.3.23.jar:5.3.23]
	at org.springframework.web.filter.OncePerRequestFilter.doFilter(OncePerRequestFilter.java:117) ~[spring-web-5.3.23.jar:5.3.23]
	at org.apache.catalina.core.ApplicationFilterChain.internalDoFilter(ApplicationFilterChain.java:189) ~[tomcat-embed-core-9.0.68.jar:9.0.68]
	at org.apache.catalina.core.ApplicationFilterChain.doFilter(ApplicationFilterChain.java:162) ~[tomcat-embed-core-9.0.68.jar:9.0.68]
	at org.springframework.web.filter.FormContentFilter.doFilterInternal(FormContentFilter.java:93) ~[spring-web-5.3.23.jar:5.3.23]
	at org.springframework.web.filter.OncePerRequestFilter.doFilter(OncePerRequestFilter.java:117) ~[spring-web-5.3.23.jar:5.3.23]
	at org.apache.catalina.core.ApplicationFilterChain.internalDoFilter(ApplicationFilterChain.java:189) ~[tomcat-embed-core-9.0.68.jar:9.0.68]
	at org.apache.catalina.core.ApplicationFilterChain.doFilter(ApplicationFilterChain.java:162) ~[tomcat-embed-core-9.0.68.jar:9.0.68]
	at org.springframework.boot.actuate.metrics.web.servlet.WebMvcMetricsFilter.doFilterInternal(WebMvcMetricsFilter.java:96) ~[spring-boot-actuator-2.7.5.jar:2.7.5]
	at org.springframework.web.filter.OncePerRequestFilter.doFilter(OncePerRequestFilter.java:117) ~[spring-web-5.3.23.jar:5.3.23]
	at org.apache.catalina.core.ApplicationFilterChain.internalDoFilter(ApplicationFilterChain.java:189) ~[tomcat-embed-core-9.0.68.jar:9.0.68]
	at org.apache.catalina.core.ApplicationFilterChain.doFilter(ApplicationFilterChain.java:162) ~[tomcat-embed-core-9.0.68.jar:9.0.68]
	at org.springframework.web.filter.CharacterEncodingFilter.doFilterInternal(CharacterEncodingFilter.java:201) ~[spring-web-5.3.23.jar:5.3.23]
	at org.springframework.web.filter.OncePerRequestFilter.doFilter(OncePerRequestFilter.java:117) ~[spring-web-5.3.23.jar:5.3.23]
	at org.apache.catalina.core.ApplicationFilterChain.internalDoFilter(ApplicationFilterChain.java:189) ~[tomcat-embed-core-9.0.68.jar:9.0.68]
	at org.apache.catalina.core.ApplicationFilterChain.doFilter(ApplicationFilterChain.java:162) ~[tomcat-embed-core-9.0.68.jar:9.0.68]
	at org.apache.catalina.core.StandardWrapperValve.invoke(StandardWrapperValve.java:197) ~[tomcat-embed-core-9.0.68.jar:9.0.68]
	at org.apache.catalina.core.StandardContextValve.invoke(StandardContextValve.java:97) ~[tomcat-embed-core-9.0.68.jar:9.0.68]
	at org.apache.catalina.authenticator.AuthenticatorBase.invoke(AuthenticatorBase.java:541) ~[tomcat-embed-core-9.0.68.jar:9.0.68]
	at org.apache.catalina.core.StandardHostValve.invoke(StandardHostValve.java:135) ~[tomcat-embed-core-9.0.68.jar:9.0.68]
	at org.apache.catalina.valves.ErrorReportValve.invoke(ErrorReportValve.java:92) ~[tomcat-embed-core-9.0.68.jar:9.0.68]
	at org.apache.catalina.core.StandardEngineValve.invoke(StandardEngineValve.java:78) ~[tomcat-embed-core-9.0.68.jar:9.0.68]
	at org.apache.catalina.connector.CoyoteAdapter.service(CoyoteAdapter.java:360) ~[tomcat-embed-core-9.0.68.jar:9.0.68]
	at org.apache.coyote.http11.Http11Processor.service(Http11Processor.java:399) ~[tomcat-embed-core-9.0.68.jar:9.0.68]
	at org.apache.coyote.AbstractProcessorLight.process(AbstractProcessorLight.java:65) ~[tomcat-embed-core-9.0.68.jar:9.0.68]
	at org.apache.coyote.AbstractProtocol$ConnectionHandler.process(AbstractProtocol.java:893) ~[tomcat-embed-core-9.0.68.jar:9.0.68]
	at org.apache.tomcat.util.net.NioEndpoint$SocketProcessor.doRun(NioEndpoint.java:1789) ~[tomcat-embed-core-9.0.68.jar:9.0.68]
	at org.apache.tomcat.util.net.SocketProcessorBase.run(SocketProcessorBase.java:49) ~[tomcat-embed-core-9.0.68.jar:9.0.68]
	at org.apache.tomcat.util.threads.ThreadPoolExecutor.runWorker(ThreadPoolExecutor.java:1191) ~[tomcat-embed-core-9.0.68.jar:9.0.68]
	at org.apache.tomcat.util.threads.ThreadPoolExecutor$Worker.run(ThreadPoolExecutor.java:659) ~[tomcat-embed-core-9.0.68.jar:9.0.68]
	at org.apache.tomcat.util.threads.TaskThread$WrappingRunnable.run(TaskThread.java:61) ~[tomcat-embed-core-9.0.68.jar:9.0.68]
	at java.base/java.lang.Thread.run(Thread.java:833) ~[na:na]
2022-11-25 17:46:58.012 DEBUG [employee-management, ,,] [http-nio-8111-exec-1] com.example.employeemanagement.controller.EmployeeController : updateEmployee
2022-11-25 17:46:58.012 DEBUG [employee-management, ,,] [http-nio-8111-exec-1] com.example.employeemanagement.controller.EmployeeController : [Employee(id=55555, lastName=Wjkop[e, firstName=Kumar)]
2022-11-25 17:46:58.013 WARN  [employee-management, ,,] [http-nio-8111-exec-1] org.springframework.web.servlet.mvc.method.annotation.ExceptionHandlerExceptionResolver : Resolved [com.example.employeemanagement.exceptions.EmployeeNotFoundException: Employee not found]
2022-11-25 17:47:01.420 DEBUG [employee-management, ,,] [http-nio-8111-exec-2] com.example.employeemanagement.controller.EmployeeController : getAllEmployees
2022-11-25 17:47:01.421 DEBUG [employee-management, ,,] [http-nio-8111-exec-2] com.example.employeemanagement.controller.EmployeeController : []
2022-11-25 17:47:01.422 DEBUG [employee-management, ,,] [http-nio-8111-exec-2] com.example.employeemanagement.controller.EmployeeController : getAllEmployeesReturned value[Employee(id=333332, lastName=Vinod, firstName=Kumar), Employee(id=456456, lastName=Vinod, firstName=Kumar)]
2022-11-25 17:47:01.423 DEBUG [employee-management, ,,] [http-nio-8111-exec-2] com.example.employeemanagement.controller.EmployeeController : getAllEmployees
2022-11-25 17:47:01.423 DEBUG [employee-management, ,,] [http-nio-8111-exec-2] com.example.employeemanagement.controller.EmployeeController : []
2022-11-25 17:47:01.423 DEBUG [employee-management, ,,] [http-nio-8111-exec-2] com.example.employeemanagement.controller.EmployeeController : Execution time of EmployeeController.getAllEmployees :: 2 ms
2022-11-25 17:47:07.017 DEBUG [employee-management, ,,] [http-nio-8111-exec-3] com.example.employeemanagement.controller.EmployeeController : updateEmployee
2022-11-25 17:47:07.018 DEBUG [employee-management, ,,] [http-nio-8111-exec-3] com.example.employeemanagement.controller.EmployeeController : [Employee(id=456456, lastName=Wjkop[e, firstName=Kumar)]
2022-11-25 17:47:07.036 DEBUG [employee-management, ,,] [http-nio-8111-exec-3] com.example.employeemanagement.controller.EmployeeController : updateEmployeeReturned valueEmployee(id=456456, lastName=Wjkop[e, firstName=Kumar)
2022-11-25 17:47:07.036 DEBUG [employee-management, ,,] [http-nio-8111-exec-3] com.example.employeemanagement.controller.EmployeeController : updateEmployee
2022-11-25 17:47:07.036 DEBUG [employee-management, ,,] [http-nio-8111-exec-3] com.example.employeemanagement.controller.EmployeeController : [Employee(id=456456, lastName=Wjkop[e, firstName=Kumar)]
2022-11-25 17:47:07.037 DEBUG [employee-management, ,,] [http-nio-8111-exec-3] com.example.employeemanagement.controller.EmployeeController : Execution time of EmployeeController.updateEmployee :: 19 ms
2022-11-25 17:47:13.085 DEBUG [employee-management, ,,] [http-nio-8111-exec-4] com.example.employeemanagement.controller.EmployeeController : getAllEmployees
2022-11-25 17:47:13.086 DEBUG [employee-management, ,,] [http-nio-8111-exec-4] com.example.employeemanagement.controller.EmployeeController : []
2022-11-25 17:47:13.087 DEBUG [employee-management, ,,] [http-nio-8111-exec-4] com.example.employeemanagement.controller.EmployeeController : getAllEmployeesReturned value[Employee(id=333332, lastName=Vinod, firstName=Kumar), Employee(id=456456, lastName=Wjkop[e, firstName=Kumar)]
2022-11-25 17:47:13.088 DEBUG [employee-management, ,,] [http-nio-8111-exec-4] com.example.employeemanagement.controller.EmployeeController : getAllEmployees
2022-11-25 17:47:13.088 DEBUG [employee-management, ,,] [http-nio-8111-exec-4] com.example.employeemanagement.controller.EmployeeController : []
2022-11-25 17:47:13.088 DEBUG [employee-management, ,,] [http-nio-8111-exec-4] com.example.employeemanagement.controller.EmployeeController : Execution time of EmployeeController.getAllEmployees :: 3 ms
2022-11-25 17:48:57.157 INFO  [employee-management, ,,] [AsyncResolver-bootstrap-executor-0] com.netflix.discovery.shared.resolver.aws.ConfigClusterResolver : Resolving eureka endpoints via configuration
2022-11-25 17:53:57.162 INFO  [employee-management, ,,] [AsyncResolver-bootstrap-executor-0] com.netflix.discovery.shared.resolver.aws.ConfigClusterResolver : Resolving eureka endpoints via configuration
2022-11-25 17:55:41.737 INFO  [employee-management, ,,] [RMI TCP Connection(20)-127.0.0.1] org.springframework.boot.admin.SpringApplicationAdminMXBeanRegistrar$SpringApplicationAdmin : Application shutdown requested.
2022-11-25 17:55:41.738 INFO  [employee-management, ,,] [RMI TCP Connection(20)-127.0.0.1] org.springframework.cloud.netflix.eureka.serviceregistry.EurekaServiceRegistry : Unregistering application EMPLOYEE-MANAGEMENT with eureka with status DOWN
2022-11-25 17:55:41.738 INFO  [employee-management, ,,] [RMI TCP Connection(20)-127.0.0.1] com.netflix.discovery.DiscoveryClient : Saw local status change event StatusChangeEvent [timestamp=1669379141738, current=DOWN, previous=UP]
2022-11-25 17:55:41.738 INFO  [employee-management, ,,] [DiscoveryClient-InstanceInfoReplicator-0] com.netflix.discovery.DiscoveryClient : DiscoveryClient_EMPLOYEE-MANAGEMENT/KVINOVIN-T490.us.oracle.com:employee-management:8111: registering service...
2022-11-25 17:55:41.744 INFO  [employee-management, ,,] [DiscoveryClient-InstanceInfoReplicator-0] com.netflix.discovery.shared.transport.decorator.RedirectingEurekaHttpClient : Request execution error. endpoint=DefaultEndpoint{ serviceUrl='http://localhost:8761/eureka/} exception=I/O error on POST request for "http://localhost:8761/eureka/apps/EMPLOYEE-MANAGEMENT": Connect to localhost:8761 [localhost/127.0.0.1, localhost/0:0:0:0:0:0:0:1] failed: Connection refused: connect; nested exception is org.apache.http.conn.HttpHostConnectException: Connect to localhost:8761 [localhost/127.0.0.1, localhost/0:0:0:0:0:0:0:1] failed: Connection refused: connect stacktrace=org.springframework.web.client.ResourceAccessException: I/O error on POST request for "http://localhost:8761/eureka/apps/EMPLOYEE-MANAGEMENT": Connect to localhost:8761 [localhost/127.0.0.1, localhost/0:0:0:0:0:0:0:1] failed: Connection refused: connect; nested exception is org.apache.http.conn.HttpHostConnectException: Connect to localhost:8761 [localhost/127.0.0.1, localhost/0:0:0:0:0:0:0:1] failed: Connection refused: connect
	at org.springframework.web.client.RestTemplate.doExecute(RestTemplate.java:785)
	at org.springframework.web.client.RestTemplate.execute(RestTemplate.java:711)
	at org.springframework.web.client.RestTemplate.exchange(RestTemplate.java:602)
	at org.springframework.cloud.netflix.eureka.http.RestTemplateEurekaHttpClient.register(RestTemplateEurekaHttpClient.java:77)
	at com.netflix.discovery.shared.transport.decorator.EurekaHttpClientDecorator$1.execute(EurekaHttpClientDecorator.java:59)
	at com.netflix.discovery.shared.transport.decorator.RedirectingEurekaHttpClient.execute(RedirectingEurekaHttpClient.java:91)
	at com.netflix.discovery.shared.transport.decorator.EurekaHttpClientDecorator.register(EurekaHttpClientDecorator.java:56)
	at com.netflix.discovery.shared.transport.decorator.EurekaHttpClientDecorator$1.execute(EurekaHttpClientDecorator.java:59)
	at com.netflix.discovery.shared.transport.decorator.RetryableEurekaHttpClient.execute(RetryableEurekaHttpClient.java:120)
	at com.netflix.discovery.shared.transport.decorator.EurekaHttpClientDecorator.register(EurekaHttpClientDecorator.java:56)
	at com.netflix.discovery.shared.transport.decorator.EurekaHttpClientDecorator$1.execute(EurekaHttpClientDecorator.java:59)
	at com.netflix.discovery.shared.transport.decorator.SessionedEurekaHttpClient.execute(SessionedEurekaHttpClient.java:77)
	at com.netflix.discovery.shared.transport.decorator.EurekaHttpClientDecorator.register(EurekaHttpClientDecorator.java:56)
	at com.netflix.discovery.DiscoveryClient.register(DiscoveryClient.java:876)
	at com.netflix.discovery.InstanceInfoReplicator.run(InstanceInfoReplicator.java:121)
	at com.netflix.discovery.InstanceInfoReplicator$1.run(InstanceInfoReplicator.java:101)
	at java.base/java.util.concurrent.Executors$RunnableAdapter.call(Executors.java:539)
	at java.base/java.util.concurrent.FutureTask.run(FutureTask.java:264)
	at java.base/java.util.concurrent.ScheduledThreadPoolExecutor$ScheduledFutureTask.run(ScheduledThreadPoolExecutor.java:304)
	at java.base/java.util.concurrent.ThreadPoolExecutor.runWorker(ThreadPoolExecutor.java:1136)
	at java.base/java.util.concurrent.ThreadPoolExecutor$Worker.run(ThreadPoolExecutor.java:635)
	at java.base/java.lang.Thread.run(Thread.java:833)
Caused by: org.apache.http.conn.HttpHostConnectException: Connect to localhost:8761 [localhost/127.0.0.1, localhost/0:0:0:0:0:0:0:1] failed: Connection refused: connect
	at org.apache.http.impl.conn.DefaultHttpClientConnectionOperator.connect(DefaultHttpClientConnectionOperator.java:156)
	at org.apache.http.impl.conn.PoolingHttpClientConnectionManager.connect(PoolingHttpClientConnectionManager.java:376)
	at org.apache.http.impl.execchain.MainClientExec.establishRoute(MainClientExec.java:393)
	at org.apache.http.impl.execchain.MainClientExec.execute(MainClientExec.java:236)
	at org.apache.http.impl.execchain.ProtocolExec.execute(ProtocolExec.java:186)
	at org.apache.http.impl.execchain.RetryExec.execute(RetryExec.java:89)
	at org.apache.http.impl.execchain.RedirectExec.execute(RedirectExec.java:110)
	at org.apache.http.impl.client.InternalHttpClient.doExecute(InternalHttpClient.java:185)
	at org.apache.http.impl.client.CloseableHttpClient.execute(CloseableHttpClient.java:83)
	at org.apache.http.impl.client.CloseableHttpClient.execute(CloseableHttpClient.java:56)
	at org.springframework.http.client.HttpComponentsClientHttpRequest.executeInternal(HttpComponentsClientHttpRequest.java:87)
	at org.springframework.http.client.AbstractBufferingClientHttpRequest.executeInternal(AbstractBufferingClientHttpRequest.java:48)
	at org.springframework.http.client.AbstractClientHttpRequest.execute(AbstractClientHttpRequest.java:66)
	at org.springframework.web.client.RestTemplate.doExecute(RestTemplate.java:776)
	... 21 more
Caused by: java.net.ConnectException: Connection refused: connect
	at java.base/sun.nio.ch.Net.connect0(Native Method)
	at java.base/sun.nio.ch.Net.connect(Net.java:579)
	at java.base/sun.nio.ch.Net.connect(Net.java:568)
	at java.base/sun.nio.ch.NioSocketImpl.connect(NioSocketImpl.java:588)
	at java.base/java.net.SocksSocketImpl.connect(SocksSocketImpl.java:327)
	at java.base/java.net.Socket.connect(Socket.java:633)
	at org.apache.http.conn.socket.PlainConnectionSocketFactory.connectSocket(PlainConnectionSocketFactory.java:75)
	at org.apache.http.impl.conn.DefaultHttpClientConnectionOperator.connect(DefaultHttpClientConnectionOperator.java:142)
	... 34 more

2022-11-25 17:55:41.744 WARN  [employee-management, ,,] [DiscoveryClient-InstanceInfoReplicator-0] com.netflix.discovery.shared.transport.decorator.RetryableEurekaHttpClient : Request execution failed with message: I/O error on POST request for "http://localhost:8761/eureka/apps/EMPLOYEE-MANAGEMENT": Connect to localhost:8761 [localhost/127.0.0.1, localhost/0:0:0:0:0:0:0:1] failed: Connection refused: connect; nested exception is org.apache.http.conn.HttpHostConnectException: Connect to localhost:8761 [localhost/127.0.0.1, localhost/0:0:0:0:0:0:0:1] failed: Connection refused: connect
2022-11-25 17:55:41.752 INFO  [employee-management, ,,] [DiscoveryClient-InstanceInfoReplicator-0] com.netflix.discovery.shared.transport.decorator.RedirectingEurekaHttpClient : Request execution error. endpoint=DefaultEndpoint{ serviceUrl='http://localhost:8761/eureka/}, exception=I/O error on POST request for "http://localhost:8761/eureka/apps/EMPLOYEE-MANAGEMENT": Connect to localhost:8761 [localhost/127.0.0.1, localhost/0:0:0:0:0:0:0:1] failed: Connection refused: connect; nested exception is org.apache.http.conn.HttpHostConnectException: Connect to localhost:8761 [localhost/127.0.0.1, localhost/0:0:0:0:0:0:0:1] failed: Connection refused: connect stacktrace=org.springframework.web.client.ResourceAccessException: I/O error on POST request for "http://localhost:8761/eureka/apps/EMPLOYEE-MANAGEMENT": Connect to localhost:8761 [localhost/127.0.0.1, localhost/0:0:0:0:0:0:0:1] failed: Connection refused: connect; nested exception is org.apache.http.conn.HttpHostConnectException: Connect to localhost:8761 [localhost/127.0.0.1, localhost/0:0:0:0:0:0:0:1] failed: Connection refused: connect
	at org.springframework.web.client.RestTemplate.doExecute(RestTemplate.java:785)
	at org.springframework.web.client.RestTemplate.execute(RestTemplate.java:711)
	at org.springframework.web.client.RestTemplate.exchange(RestTemplate.java:602)
	at org.springframework.cloud.netflix.eureka.http.RestTemplateEurekaHttpClient.register(RestTemplateEurekaHttpClient.java:77)
	at com.netflix.discovery.shared.transport.decorator.EurekaHttpClientDecorator$1.execute(EurekaHttpClientDecorator.java:59)
	at com.netflix.discovery.shared.transport.decorator.RedirectingEurekaHttpClient.executeOnNewServer(RedirectingEurekaHttpClient.java:121)
	at com.netflix.discovery.shared.transport.decorator.RedirectingEurekaHttpClient.execute(RedirectingEurekaHttpClient.java:80)
	at com.netflix.discovery.shared.transport.decorator.EurekaHttpClientDecorator.register(EurekaHttpClientDecorator.java:56)
	at com.netflix.discovery.shared.transport.decorator.EurekaHttpClientDecorator$1.execute(EurekaHttpClientDecorator.java:59)
	at com.netflix.discovery.shared.transport.decorator.RetryableEurekaHttpClient.execute(RetryableEurekaHttpClient.java:120)
	at com.netflix.discovery.shared.transport.decorator.EurekaHttpClientDecorator.register(EurekaHttpClientDecorator.java:56)
	at com.netflix.discovery.shared.transport.decorator.EurekaHttpClientDecorator$1.execute(EurekaHttpClientDecorator.java:59)
	at com.netflix.discovery.shared.transport.decorator.SessionedEurekaHttpClient.execute(SessionedEurekaHttpClient.java:77)
	at com.netflix.discovery.shared.transport.decorator.EurekaHttpClientDecorator.register(EurekaHttpClientDecorator.java:56)
	at com.netflix.discovery.DiscoveryClient.register(DiscoveryClient.java:876)
	at com.netflix.discovery.InstanceInfoReplicator.run(InstanceInfoReplicator.java:121)
	at com.netflix.discovery.InstanceInfoReplicator$1.run(InstanceInfoReplicator.java:101)
	at java.base/java.util.concurrent.Executors$RunnableAdapter.call(Executors.java:539)
	at java.base/java.util.concurrent.FutureTask.run(FutureTask.java:264)
	at java.base/java.util.concurrent.ScheduledThreadPoolExecutor$ScheduledFutureTask.run(ScheduledThreadPoolExecutor.java:304)
	at java.base/java.util.concurrent.ThreadPoolExecutor.runWorker(ThreadPoolExecutor.java:1136)
	at java.base/java.util.concurrent.ThreadPoolExecutor$Worker.run(ThreadPoolExecutor.java:635)
	at java.base/java.lang.Thread.run(Thread.java:833)
Caused by: org.apache.http.conn.HttpHostConnectException: Connect to localhost:8761 [localhost/127.0.0.1, localhost/0:0:0:0:0:0:0:1] failed: Connection refused: connect
	at org.apache.http.impl.conn.DefaultHttpClientConnectionOperator.connect(DefaultHttpClientConnectionOperator.java:156)
	at org.apache.http.impl.conn.PoolingHttpClientConnectionManager.connect(PoolingHttpClientConnectionManager.java:376)
	at org.apache.http.impl.execchain.MainClientExec.establishRoute(MainClientExec.java:393)
	at org.apache.http.impl.execchain.MainClientExec.execute(MainClientExec.java:236)
	at org.apache.http.impl.execchain.ProtocolExec.execute(ProtocolExec.java:186)
	at org.apache.http.impl.execchain.RetryExec.execute(RetryExec.java:89)
	at org.apache.http.impl.execchain.RedirectExec.execute(RedirectExec.java:110)
	at org.apache.http.impl.client.InternalHttpClient.doExecute(InternalHttpClient.java:185)
	at org.apache.http.impl.client.CloseableHttpClient.execute(CloseableHttpClient.java:83)
	at org.apache.http.impl.client.CloseableHttpClient.execute(CloseableHttpClient.java:56)
	at org.springframework.http.client.HttpComponentsClientHttpRequest.executeInternal(HttpComponentsClientHttpRequest.java:87)
	at org.springframework.http.client.AbstractBufferingClientHttpRequest.executeInternal(AbstractBufferingClientHttpRequest.java:48)
	at org.springframework.http.client.AbstractClientHttpRequest.execute(AbstractClientHttpRequest.java:66)
	at org.springframework.web.client.RestTemplate.doExecute(RestTemplate.java:776)
	... 22 more
Caused by: java.net.ConnectException: Connection refused: connect
	at java.base/sun.nio.ch.Net.connect0(Native Method)
	at java.base/sun.nio.ch.Net.connect(Net.java:579)
	at java.base/sun.nio.ch.Net.connect(Net.java:568)
	at java.base/sun.nio.ch.NioSocketImpl.connect(NioSocketImpl.java:588)
	at java.base/java.net.SocksSocketImpl.connect(SocksSocketImpl.java:327)
	at java.base/java.net.Socket.connect(Socket.java:633)
	at org.apache.http.conn.socket.PlainConnectionSocketFactory.connectSocket(PlainConnectionSocketFactory.java:75)
	at org.apache.http.impl.conn.DefaultHttpClientConnectionOperator.connect(DefaultHttpClientConnectionOperator.java:142)
	... 35 more

2022-11-25 17:55:41.752 INFO  [employee-management, ,,] [RMI TCP Connection(20)-127.0.0.1] org.apache.catalina.core.StandardService : Stopping service [Tomcat]
2022-11-25 17:55:41.752 WARN  [employee-management, ,,] [DiscoveryClient-InstanceInfoReplicator-0] com.netflix.discovery.shared.transport.decorator.RetryableEurekaHttpClient : Request execution failed with message: I/O error on POST request for "http://localhost:8761/eureka/apps/EMPLOYEE-MANAGEMENT": Connect to localhost:8761 [localhost/127.0.0.1, localhost/0:0:0:0:0:0:0:1] failed: Connection refused: connect; nested exception is org.apache.http.conn.HttpHostConnectException: Connect to localhost:8761 [localhost/127.0.0.1, localhost/0:0:0:0:0:0:0:1] failed: Connection refused: connect
2022-11-25 17:55:41.754 INFO  [employee-management, ,,] [RMI TCP Connection(20)-127.0.0.1] org.apache.catalina.core.ContainerBase.[Tomcat].[localhost].[/] : Destroying Spring FrameworkServlet 'dispatcherServlet'
2022-11-25 17:55:41.754 WARN  [employee-management, ,,] [DiscoveryClient-InstanceInfoReplicator-0] com.netflix.discovery.DiscoveryClient : DiscoveryClient_EMPLOYEE-MANAGEMENT/KVINOVIN-T490.us.oracle.com:employee-management:8111 - registration failed Cannot execute request on any known server
com.netflix.discovery.shared.transport.TransportException: Cannot execute request on any known server
	at com.netflix.discovery.shared.transport.decorator.RetryableEurekaHttpClient.execute(RetryableEurekaHttpClient.java:112) ~[eureka-client-1.10.17.jar:1.10.17]
	at com.netflix.discovery.shared.transport.decorator.EurekaHttpClientDecorator.register(EurekaHttpClientDecorator.java:56) ~[eureka-client-1.10.17.jar:1.10.17]
	at com.netflix.discovery.shared.transport.decorator.EurekaHttpClientDecorator$1.execute(EurekaHttpClientDecorator.java:59) ~[eureka-client-1.10.17.jar:1.10.17]
	at com.netflix.discovery.shared.transport.decorator.SessionedEurekaHttpClient.execute(SessionedEurekaHttpClient.java:77) ~[eureka-client-1.10.17.jar:1.10.17]
	at com.netflix.discovery.shared.transport.decorator.EurekaHttpClientDecorator.register(EurekaHttpClientDecorator.java:56) ~[eureka-client-1.10.17.jar:1.10.17]
	at com.netflix.discovery.DiscoveryClient.register(DiscoveryClient.java:876) ~[eureka-client-1.10.17.jar:1.10.17]
	at com.netflix.discovery.InstanceInfoReplicator.run(InstanceInfoReplicator.java:121) ~[eureka-client-1.10.17.jar:1.10.17]
	at com.netflix.discovery.InstanceInfoReplicator$1.run(InstanceInfoReplicator.java:101) ~[eureka-client-1.10.17.jar:1.10.17]
	at java.base/java.util.concurrent.Executors$RunnableAdapter.call(Executors.java:539) ~[na:na]
	at java.base/java.util.concurrent.FutureTask.run(FutureTask.java:264) ~[na:na]
	at java.base/java.util.concurrent.ScheduledThreadPoolExecutor$ScheduledFutureTask.run(ScheduledThreadPoolExecutor.java:304) ~[na:na]
	at java.base/java.util.concurrent.ThreadPoolExecutor.runWorker(ThreadPoolExecutor.java:1136) ~[na:na]
	at java.base/java.util.concurrent.ThreadPoolExecutor$Worker.run(ThreadPoolExecutor.java:635) ~[na:na]
	at java.base/java.lang.Thread.run(Thread.java:833) ~[na:na]
2022-11-25 17:55:41.755 WARN  [employee-management, ,,] [DiscoveryClient-InstanceInfoReplicator-0] com.netflix.discovery.InstanceInfoReplicator : There was a problem with the instance info replicator
com.netflix.discovery.shared.transport.TransportException: Cannot execute request on any known server
	at com.netflix.discovery.shared.transport.decorator.RetryableEurekaHttpClient.execute(RetryableEurekaHttpClient.java:112) ~[eureka-client-1.10.17.jar:1.10.17]
	at com.netflix.discovery.shared.transport.decorator.EurekaHttpClientDecorator.register(EurekaHttpClientDecorator.java:56) ~[eureka-client-1.10.17.jar:1.10.17]
	at com.netflix.discovery.shared.transport.decorator.EurekaHttpClientDecorator$1.execute(EurekaHttpClientDecorator.java:59) ~[eureka-client-1.10.17.jar:1.10.17]
	at com.netflix.discovery.shared.transport.decorator.SessionedEurekaHttpClient.execute(SessionedEurekaHttpClient.java:77) ~[eureka-client-1.10.17.jar:1.10.17]
	at com.netflix.discovery.shared.transport.decorator.EurekaHttpClientDecorator.register(EurekaHttpClientDecorator.java:56) ~[eureka-client-1.10.17.jar:1.10.17]
	at com.netflix.discovery.DiscoveryClient.register(DiscoveryClient.java:876) ~[eureka-client-1.10.17.jar:1.10.17]
	at com.netflix.discovery.InstanceInfoReplicator.run(InstanceInfoReplicator.java:121) ~[eureka-client-1.10.17.jar:1.10.17]
	at com.netflix.discovery.InstanceInfoReplicator$1.run(InstanceInfoReplicator.java:101) ~[eureka-client-1.10.17.jar:1.10.17]
	at java.base/java.util.concurrent.Executors$RunnableAdapter.call(Executors.java:539) ~[na:na]
	at java.base/java.util.concurrent.FutureTask.run(FutureTask.java:264) ~[na:na]
	at java.base/java.util.concurrent.ScheduledThreadPoolExecutor$ScheduledFutureTask.run(ScheduledThreadPoolExecutor.java:304) ~[na:na]
	at java.base/java.util.concurrent.ThreadPoolExecutor.runWorker(ThreadPoolExecutor.java:1136) ~[na:na]
	at java.base/java.util.concurrent.ThreadPoolExecutor$Worker.run(ThreadPoolExecutor.java:635) ~[na:na]
	at java.base/java.lang.Thread.run(Thread.java:833) ~[na:na]
2022-11-25 17:55:41.762 INFO  [employee-management, ,,] [RMI TCP Connection(20)-127.0.0.1] org.springframework.orm.jpa.LocalContainerEntityManagerFactoryBean : Closing JPA EntityManagerFactory for persistence unit 'default'
2022-11-25 17:55:41.762 INFO  [employee-management, ,,] [RMI TCP Connection(20)-127.0.0.1] org.hibernate.tool.schema.internal.SchemaDropperImpl$DelayedDropActionImpl : HHH000477: Starting delayed evictData of schema as part of SessionFactory shut-down'
2022-11-25 17:55:41.968 WARN  [employee-management, ,,] [RMI TCP Connection(20)-127.0.0.1] org.springframework.beans.factory.support.DisposableBeanAdapter : Invocation of destroy method failed on bean with name 'inMemoryDatabaseShutdownExecutor': org.h2.jdbc.JdbcSQLNonTransientConnectionException: Database is already closed (to disable automatic closing at VM shutdown, add ";DB_CLOSE_ON_EXIT=FALSE" to the db URL) [90121-214]
2022-11-25 17:55:41.970 INFO  [employee-management, ,,] [RMI TCP Connection(20)-127.0.0.1] com.zaxxer.hikari.HikariDataSource : HikariPool-1 - Shutdown initiated...
2022-11-25 17:55:41.971 INFO  [employee-management, ,,] [RMI TCP Connection(20)-127.0.0.1] com.zaxxer.hikari.HikariDataSource : HikariPool-1 - Shutdown completed.
2022-11-25 17:55:41.972 INFO  [employee-management, ,,] [RMI TCP Connection(20)-127.0.0.1] com.netflix.discovery.DiscoveryClient : Shutting down DiscoveryClient ...
